node   1  (   0,    0) (  12,    3) (  32,    4) (  32,    6) (  52,   21) (  69,   38) (  65,   80) (  72,   87) (  69,   71) (  81,   91)
          ( 107,   83) (  87,   88) (  65,   79) ( 105,   93) (  82,   85) ( 103,   90) (  85,   74) (  65,   87) (  64,   82) (  94,   69)
          ( 123,   83) (  34,   90) ( 119,   86) (  85,   71) (  84,   99) (  95,   95) (  54,   63) (  84,   71) (  91,   90) (  63,   80)
          ( 107,   77) (  72,   95) ( 107,   80) (  60,   82) (  76,   75) (  96,   97) ( 108,   73) (  99,   91) (  52,   85) ( 119,   76)
          (  73,   82) (  84,   78) (  87,   81) (  62,   82) ( 104,   77) (  72,   76) (  94,   83) (  98,   77) (  62,   75) (  82,   89)
          (  91,   92) (  95,   76) (  85,   85) (  77,   96) (  95,   71) (  65,   84) (  56,   70) (  86,   81) (  80,   80) (  60,   58)
          ( 108,   77) (  76,   89) (  67,   67) (  64,   79) (  85,   91) (  81,   65) (  55,   71) (  81,   76) (  73,   60) (  67,   74)
          (  85,   84) (  87,   86) (  77,   65) (  69,   61) (  72,   62) (  59,   75) ( 113,   82) (  62,   61) (  70,   73) (  83,   68)
          ( 115,   80) (  19,   60) (  88,   87) (  75,   77) (  90,   63) (  74,   87) (  61,   67) (  96,   64) (  64,   72) (  70,   65)
          (  84,   83) (  71,   75) (  78,   65) (  87,   78) (  68,   72) ( 102,   79) (  56,   68) (  91,   90) (  87,   77) (  67,   81)
          ( 117,   81) (   0,    0) (   0,    0) (   0,    0) (   0,    0) (   0,    0) (   0,    0) (   0,    0) (   0,    0) (   0,    0)
          (   0,    0) (   0,    0) (   0,    0) (   0,    0) (   0,    0) (   0,    0) (   0,    0) (   0,    0) (   0,    0) (   0,    0)
          (   0,    0) (   0,    0) (   0,    0) (   0,    0) (   0,    0) (   0,    0) (   0,    0) (   0,    0) (   0,    0) (   0,    0)
          (   0,    0) (   0,    0) (   0,    0) (   0,    0) (   0,    0) (   0,    0) (   0,    0) (   0,    0) (   0,    0) (   0,    0)
          (   0,    0) (   0,    0) (   0,    0) (   0,    0) (   0,    0) (   0,    0) (   0,    0) (   0,    0) (   0,    0) (   0,    0)
          (   0,    0) (   0,    0) (   0,    0) (   0,    0) (   0,    0) (   0,    0) (   0,    0) (   0,    0) (   0,    0) (   0,    0)
          (   0,    0) (   0,    0) (   0,    0) (   0,    0) (   0,    0) (   0,    0) (   0,    0) (   0,    0) (   0,    0) (   0,    0)
          (   0,    0) (   0,    0) (   0,    0) (   0,    0) (   0,    0) (   0,    0) (   0,    0) (   0,    0) (   0,    0) (   0,    0)
          (   0,    0) (   0,    0) (   0,    0) (   0,    0) (   0,    0) (   0,    0) (   0,    0) (   0,    0) (   0,    0) (   0,    0)
          (   0,    0) (   0,    0) (   0,    0) (   0,    0) (   0,    0) (   0,    0) (   0,    0) (   0,    0) (   0,    0) (   0,    0)
          (   0,    0) (   0,    0) (   0,    0) (   0,    0) (   0,    0) (   0,    0) (   0,    0) (   0,    0) (   0,    0) (   0,    0)
          (   0,    0) (   0,    0) (   0,    0) (   0,    0) (   0,    0) (   0,    0) (   0,    0) (   0,    0) (   0,    0) (   0,    0)
          (   0,    0) (   0,    0) (   0,    0) (   0,    0) (   0,    0) (   0,    0) (   0,    0) (   0,    0) (   0,    0) (   0,    0)
          (   0,    0) (   0,    0) (   0,    0) (   0,    0) (   0,    0) (   0,    0) (   0,    0) (   0,    0) (   0,    0) (   0,    0)
          (   0,    0) (   0,    0) (   0,    0) (   0,    0) (   0,    0) (   0,    0) (   0,    0) (   0,    0) (   0,    0) (   0,    0)
          (   0,    0) (   0,    0) (   0,    0) (   0,    0) (   0,    0) (   0,    0) (   0,    0) (   0,    0) (   0,    0) (   0,    0)
          (   0,    0) (   0,    0) (   0,    0) (   0,    0) (   0,    0) (   0,    0) (   0,    0) (   0,    0) (   0,    0) (   0,    0)
          (   0,    0) (   0,    0) (   0,    0) (   0,    0) (   0,    0) (   0,    0) (   0,    0) (   0,    0) (   0,    0) (   0,    0)
          (   0,    0) (   0,    0) (   0,    0) (   0,    0) (   0,    0) (   0,    0) (   0,    0) (   0,    0) (   0,    0) (   0,    0)
          (   0,    0) (   0,    0) (   0,    0) (   0,    0) (   0,    0) (   0,    0) (   0,    0) (   0,    0) (   0,    0) (   0,    0)
          (   0,    0) (   0,    0) (   0,    0) (   0,    0) (   0,    0) (   0,    0) (   0,    0) (   0,    0) (   0,    0) (   0,    0)
          (   0,    0) (   0,    0) (   0,    0) (   0,    0) (   0,    0) (   0,    0) (   0,    0) (   0,    0) (   0,    0) (   0,    0)
          (   0,    0) (   0,    0) (   0,    0) (   0,    0) (   0,    0) (   0,    0) (   0,    0) (   0,    0) (   0,    0) (   0,    0)
          (   0,    0) (   0,    0) (   0,    0) (   0,    0) (   0,    0) (   0,    0) (   0,    0) (   0,    0) (   0,    0) (   0,    0)
          (   0,    0) (   0,    0) (   0,    0) (   0,    0) (   0,    0) (   0,    0) (   0,    0) (   0,    0) (   0,    0) (   0,    0)
          (   0,    0) (   0,    0) (   0,    0) (   0,    0) (   0,    0) (   0,    0) (   0,    0) (   0,    0) (   0,    0) (   0,    0)
          (   0,    0) (   0,    0) (   0,    0) (   0,    0) (   0,    0) (   0,    0) (   0,    0) (   0,    0) (   0,    0) (   0,    0)
          (   0,    0) (   0,    0) (   0,    0) (   0,    0) (   0,    0) (   0,    0) (   0,    0) (   0,    0) (   0,    0) (   0,    0)
          (   0,    0) (   0,    0) (   0,    0) (   0,    0) (   0,    0) (   0,    0) (   0,    0) (   0,    0) (   0,    0) (   0,    0)
          (   0,    0) (   0,    0) (   0,    0) (   0,    0) (   0,    0) (   0,    0) (   0,    0) (   0,    0) (   0,    0) (   0,    0)
          (   0,    0) (   0,    0) (   0,    0) (   0,    0) (   0,    0) (   0,    0) (   0,    0) (   0,    0) (   0,    0) (   0,    0)
          (   0,    0) (   0,    0) (   0,    0) (   0,    0) (   0,    0) (   0,    0) (   0,    0) (   0,    0) (   0,    0) (   0,    0)
          (   0,    0) (   0,    0) (   0,    0) (   0,    0) (   0,    0) (   0,    0) (   0,    0) (   0,    0) (   0,    0) (   0,    0)
          (   0,    0) (   0,    0) (   0,    0) (   0,    0) (   0,    0) (   0,    0) (   0,    0) (   0,    0) (   0,    0) (   0,    0)
          (   0,    0) (   0,    0) (   0,    0) (   0,    0) (   0,    0) (   0,    0) (   0,    0) (   0,    0) (   0,    0) (   0,    0)
          (   0,    0) (   0,    0) (   0,    0) (   0,    0) (   0,    0) (   0,    0) (   0,    0) (   0,    0) (   0,    0) (   0,    0)
          (   0,    0) (   0,    0) (   0,    0) (   0,    0) (   0,    0) (   0,    0) (   0,    0) (   0,    0) (   0,    0) (   0,    0)
          (   0,    0) (   0,    0) (   0,    0) (   0,    0) (   0,    0) (   0,    0) (   0,    0) (   0,    0) (   0,    0) (   0,    0)
          (   0,    0) (   0,    0) (   0,    0) (   0,    0) (   0,    0) (   0,    0) (   0,    0) (   0,    0) (   0,    0) (   0,    0)
          (   0,    0) (   0,    0) (   0,    0) (   0,    0) (   0,    0) (   0,    0) (   0,    0) (   0,    0) (   0,    0) (   0,    0)
          (   0,    0) (   0,    0) (   0,    0) (   0,    0) (   0,    0) (   0,    0) (   0,    0) (   0,    0) (   0,    0) (   0,    0)
          (   0,    0) (   0,    0) (   0,    0) (   0,    0) (   0,    0) (   0,    0) (   0,    0) (   0,    0) (   0,    0) (   0,    0)
          (   0,    0) (   0,    0) (   0,    0) (   0,    0) (   0,    0) (   0,    0) (   0,    0) (   0,    0) (   0,    0) (   0,    0)
          (   0,    0) (   0,    0) (   0,    0) (   0,    0) (   0,    0) (   0,    0) (   0,    0) (   0,    0) (   0,    0) (   0,    0)
          (   0,    0) (   0,    0) (   0,    0) (   0,    0) (   0,    0) (   0,    0) (   0,    0) (   0,    0) (   0,    0) (   0,    0)
          (   0,    0) (   0,    0) (   0,    0) (   0,    0) (   0,    0) (   0,    0) (   0,    0) (   0,    0) (   0,    0) (   0,    0)
          (   0,    0) (   0,    0) (   0,    0) (   0,    0) (   0,    0) (   0,    0) (   0,    0) (   0,    0) (   0,    0) (   0,    0)
          (   0,    0) (   0,    0) (   0,    0) (   0,    0) (   0,    0) (   0,    0) (   0,    0) (   0,    0) (   0,    0) (   0,    0)
          (   0,    0) (   0,    0) (   0,    0) (   0,    0) (   0,    0) (   0,    0) (   0,    0) (   0,    0) (   0,    0) (   0,    0)
          (   0,    0) (   0,    0) (   0,    0) (   0,    0) (   0,    0) (   0,    0) (   0,    0) (   0,    0) (   0,    0) (   0,    0)
          (   0,    0) (   0,    0) (   0,    0) (   0,    0) (   0,    0) (   0,    0) (   0,    0) (   0,    0) (   0,    0) (   0,    0)
          (   0,    0) (   0,    0) (   0,    0) (   0,    0) (   0,    0) (   0,    0) (   0,    0) (   0,    0) (   0,    0) (   0,    0)
          (   0,    0) (   0,    0) (   0,    0) (   0,    0) (   0,    0) (   0,    0) (   0,    0) (   0,    0) (   0,    0) (   0,    0)
          (   0,    0) (   0,    0) (   0,    0) (   0,    0) (   0,    0) (   0,    0) (   0,    0) (   0,    0) (   0,    0) (   0,    0)
          (   0,    0) (   0,    0) (   0,    0) (   0,    0) (   0,    0) (   0,    0) (   0,    0) (   0,    0) (   0,    0) (   0,    0)
          (   0,    0) (   0,    0) (   0,    0) (   0,    0) (   0,    0) (   0,    0) (   0,    0) (   0,    0) (   0,    0) (   0,    0)
          (   0,    0) (   0,    0) (   0,    0) (   0,    0) (   0,    0) (   0,    0) (   0,    0) (   0,    0) (   0,    0) (   0,    0)
          (   0,    0) (   0,    0) (   0,    0) (   0,    0) (   0,    0) (   0,    0) (   0,    0) (   0,    0) (   0,    0) (   0,    0)
          (   0,    0) (   0,    0) (   0,    0) (   0,    0) (   0,    0) (   0,    0) (   0,    0) (   0,    0) (   0,    0) (   0,    0)
          (   0,    0) (   0,    0) (   0,    0) (   0,    0) (   0,    0) (   0,    0) (   0,    0) (   0,    0) (   0,    0) (   0,    0)
         
node   1 sent_total   7871  recv_total   7520

node   2  (   1,    0) (   0,    0) (   6,    5) (   7,    3) (  28,    9) (  47,   21) ( 113,   55) (  71,   98) (  97,   87) (  88,   82)
          (  76,   86) (  75,   85) (  97,   84) (  91,   86) (  81,   70) (  78,   96) (  87,   82) ( 102,   95) (  70,   96) (  69,   85)
          (  98,  101) (  90,   81) ( 103,   87) (  86,   95) (  98,   91) (  77,  110) (  76,   81) (  92,   88) (  94,   84) (  71,  107)
          (  96,   76) (  81,   94) (  98,   85) (  83,   93) (  88,   64) ( 102,  106) (  82,  101) (  71,   81) (  85,   79) (  84,   88)
          (  92,   86) (  79,   79) (  58,   84) (  72,   89) (  80,   84) ( 101,   89) (  93,   91) (  56,   69) ( 111,   84) (  89,   84)
          (  83,   87) (  83,   92) (  54,   80) (  58,   60) (  94,   70) (  63,   77) (  80,   70) (  68,   77) (  89,   88) (  86,   62)
          (  65,   73) (  74,   85) (  79,   69) (  91,   76) (  73,   86) (  67,   74) (  50,   66) (  94,   83) (  64,   89) (  59,   52)
          ( 103,   84) (  62,   73) (  62,   79) (  79,   80) (  73,   85) (  85,   95) (  55,   75) (  68,   72) (  73,   75) (  70,   61)
          (  55,   76) (  81,   74) ( 125,   85) (  66,   70) (  80,   78) (  57,   68) (  74,   76) (  74,   83) (  73,   79) (  72,   78)
          (  78,   67) (  82,   93) (  77,   69) (  65,   63) (  84,   97) (  46,   68) (  98,   90) (  76,   71) (  73,   69) (  72,   74)
          (  33,   58) ( 114,   98) (  35,   68) (  76,   60) (  77,   60) (  62,   43) (  65,   69) (  60,   69) (  74,   70) (  60,   66)
          (  58,   53) (  80,   57) (  60,   55) (  84,   70) (  63,   52) (  75,   72) (  66,   57) (  60,   63) (  70,   67) (  83,   66)
          (  50,   48) (  85,   64) (  94,   60) (  51,   71) (  54,   53) (  67,   59) (  59,   56) (  68,   71) (  67,   68) (  53,   59)
          (  76,   75) (  50,   54) (  64,   71) (  69,   55) (  53,   53) (  77,   61) (  51,   76) (  81,   60) (  59,   66) (  76,   70)
          (  37,   60) (  73,   82) (  56,   51) (  54,   58) (  78,   53) (  60,   48) (  60,   63) (  90,   59) (  43,   46) (  76,   60)
          (  63,   43) (  54,   59) (  70,   58) (  64,   61) (  46,   53) (  53,   60) (  74,   62) (  43,   57) (  66,   60) (  56,   61)
          (  60,   56) (  62,   47) (  37,   66) (  98,   69) (  46,   52) (  46,   45) (  84,   69) (  45,   56) (  69,   64) (  63,   63)
          (  63,   66) (  49,   62) (  88,   58) (  68,   58) (  47,   67) (  69,   58) (  73,   58) (  43,   67) (  60,   63) (  56,   61)
          (  55,   61) (  60,   56) (  47,   65) (  49,   52) (  74,   69) (  50,   56) (  57,   61) (  63,   71) (  52,   61) (  58,   63)
          (  50,   68) (  60,   56) (  46,   63) (  83,   55) (  43,   50) (  76,   73) (  61,   60) (  65,   56) (  70,   60) (  49,   68)
          (  59,   53) (  75,   64) (  37,   66) (  67,   61) (  70,   75) (  64,   57) (  67,   70) (  49,   68) (  52,   65) (  50,   57)
          (  77,   57) (  49,   64) (  76,   52) (  58,   63) (  52,   64) (  82,   57) (  31,   52) (  83,   48) (  39,   66) (  73,   65)
          (  63,   62) (  87,   50) (  47,   54) (  56,   63) (  89,   52) (  59,   49) (  42,   47) (  55,   62) (  65,   51) (  60,   75)
          (  74,   44) (  64,   80) (  47,   64) (  61,   53) (  85,   47) (  63,   71) (  51,   49) (  64,   65) (  52,   69) (  67,   59)
          (  49,   52) (  67,   60) (  52,   60) (  55,   72) (  65,   58) (  57,   55) (  65,   52) (  52,   66) (  50,   51) (  63,   49)
          (  65,   65) (  68,   74) (  57,   50) (  61,   63) (  76,   50) (  31,   68) (  80,   65) (  89,   71) (  36,   56) (  51,   56)
          (  69,   52) (  56,   45) (  56,   55) (  78,   73) (  52,   59) (  69,   77) (  54,   61) (  53,   58) (  49,   64) (  92,   55)
          (  66,   55) (  37,   57) (  80,   67) (  53,   59) (  62,   56) (  65,   66) (  63,   57) (  67,   78) (  67,   69) (  53,   52)
          (  83,   65) (  49,   48) (  44,   67) (  69,   53) (  86,   53) (  62,   62) (  80,   64) (  36,   69) (  59,   63) (  69,   57)
          (  64,   50) (  57,   67) (  75,   54) (  43,   67) (  59,   49) (  61,   70) (  67,   59) (  64,   52) (  59,   68) (  71,   57)
          (  51,   62) (  55,   60) (  94,   68) (  51,   70) (  66,   76) (  40,   79) (  83,   69) (  80,   58) (  66,   62) (  65,   67)
          (  87,   74) (  53,   61) (  82,   82) (  62,   65) (  54,   73) (  77,   86) (  89,   61) (  63,   67) (  54,   58) (  66,   79)
          (  66,   53) (  46,   60) (  87,   71) (  66,   70) (  58,   83) (  71,   58) (  75,   73) (  40,   59) (  80,   76) (  63,   53)
          (  56,   53) (  54,   65) (  66,   66) (  81,   60) (  56,   68) (  91,   58) (  49,   79) (  76,   65) (  60,   73) (  65,   73)
          (  61,   59) (  55,   78) ( 103,   71) (  58,   77) (  79,   76) (  65,   67) (  80,   63) (  43,   59) (  87,   71) (  68,   70)
          (  66,   56) (  86,   66) (  53,   54) (  90,   72) (  56,   85) (  66,   64) (  73,   56) (  70,   64) (  62,   61) (  62,   68)
          (  85,   77) (  56,   58) (  64,   75) (  57,   67) (  89,   87) (  54,   54) (  82,   72) (  72,   61) (  50,   55) (  92,   77)
          (  58,   53) (  91,   90) (  66,   87) (  59,   56) (  56,   72) (  65,   68) (  75,   64) (  78,   70) (  47,   66) (  73,   63)
          (  90,   79) (  62,   62) (  73,   68) (  58,   70) (  64,   59) (  64,   72) (  66,   69) (  82,   68) (  41,   50) (  67,   56)
          ( 100,   72) (  62,   62) (  74,   51) (  82,   66) (  63,   66) (  65,   83) (  52,   73) (  89,   59) (  89,   76) (  50,   76)
          (  57,   59) (  96,   56) (  81,   57) (  62,   59) (  77,   63) (  25,   59) (  92,   63) (  62,   64) (  82,   73) (  61,   64)
          (  75,   75) (  58,   75) (  79,   57) (  57,   86) (  91,   84) (  68,   74) (  46,   47) (  93,   80) (  62,   64) (  58,   54)
          ( 106,   67) (  62,   72) (  86,   72) (  66,   55) (  56,   70) (  92,   73) (  49,   79) (  72,   56) (  75,   82) (  52,   63)
          (  59,   64) (  87,   80) (  39,   64) (  78,   60) (  65,   72) (  76,   51) (  68,   56) (  48,   69) (  86,   72) (  66,   54)
          (  75,   54) (  41,   67) (  83,   56) (  80,   77) (  45,   94) (  71,   71) (  73,   74) (  56,   71) (  78,   60) (  58,   73)
          (  49,   51) (  63,   71) (  66,   57) (  98,   67) (  68,   63) (  53,   78) (  79,   75) (  62,   73) (  56,   45) (  64,   63)
          (  75,   81) (  69,   66) (  51,   62) (  71,   65) (  77,   72) (  80,   76) (  70,   78) (  75,   76) (  55,   68) (  59,   72)
          (  72,   58) (  63,   67) (  54,   68) (  68,   76) (  69,   57) (  80,   70) (  65,   73) (  97,   75) (  48,   57) (  65,   62)
          (  65,   73) ( 101,   70) (  63,   64) (  61,   76) (  68,   61) (  72,   70) (  57,   47) (  93,   65) (  64,   71) (  64,   58)
          (  59,   47) (  92,   72) (  48,   68) (  93,   82) (  57,   63) (  93,   71) (  66,   76) (  67,   71) (  58,   76) (  81,   79)
          (  62,   74) (  75,   78) (  46,   68) (  71,   71) (  93,   62) (  53,   67) (  74,   62) (  65,   72) (  54,   64) (  98,   63)
          (  57,   71) (  56,   78) (  81,   79) (  66,   58) (  79,   71) (  52,   60) (  80,   67) (  69,   65) (  76,   58) (  62,   67)
          (  81,   84) (  66,   67) (  65,   77) (  66,   62) (  71,   74) (  64,   66) (  65,   74) (  82,   76) (  61,   74) (  64,   65)
          (  69,   57) (  68,   78) (  92,   74) (  39,   65) (  83,   72) (  90,   67) (  48,   64) (  64,   66) (  66,   66) (  59,   80)
          (  77,   63) (  72,   66) (  42,   55) (  84,   71) (  72,   69) (  47,   62) (  48,   64) (  77,   67) (  72,   61) (  67,   64)
          (  64,   64) (  72,   69) (  61,   67) (  75,   75) (  74,   76) ( 100,   82) (  37,   66) (  76,   81) (  55,   69) (  61,   71)
          (  82,   71) (  46,   59) (  85,   86) (  60,   73) (  81,   78) (  49,   65) ( 107,   74) (  46,   53) (  65,   66) (  70,   76)
          (  68,   51) (  66,   49) (  68,   71) (  69,   63) (  75,   74) (  57,   68) (  77,   84) (  83,   79) (  38,   74) (  75,   66)
          (  62,   78) (  74,   57) (  71,   76) (  76,   86) (  58,   74) (  74,   58) (  75,   61) (  76,   64) (  81,   55) (  55,   83)
          (  58,   71) (  95,   74) (  38,   66) (  93,   72) (  74,   71) (  89,   66) (  31,   57) (  72,   83) (  65,   76) (  67,   62)
          (  74,   69) (  73,   66) (  67,   59) (  96,   89) (  49,   70) (  57,   68) (  88,   68) (  71,   72) (  80,   80) (  45,   63)
          (  67,   68) ( 100,   70) (  55,   66) (  54,   64) (  83,   65) (  68,   82) (  54,   69) (  64,   85) (  65,   59) (  56,   71)
          ( 110,   63) (  32,   76) (  95,   74) (  46,   72) (  69,   68) (  76,   73) (  39,   65) ( 110,   73) (  56,   74) (  50,   62)
          (  70,   83) (  93,   56) (  60,   55) (  64,   80) (  67,   57) (  86,   74) (  73,   67) (  48,   83) (  58,   50) (  74,   65)
          (  70,   59) (  71,   76) (  72,   57) (  82,   84) (  63,   69) (  57,   57) (  69,   67) (  51,   66) (  64,   82) (  84,   79)
          (  53,   57) ( 100,   72) (  56,   59) (  57,   62) (  97,   66) (  66,   66) (  62,   68) (  63,   61) (  83,   66) (  69,   76)
          (  68,   52) (  58,   64) (  79,   70) (  51,   62) (  85,   66) (  88,   60) (  47,   62) (  70,   71) (  57,   74) (  89,   65)
          (  53,   57) (  69,   69) (  58,   62) (  85,   59) (  79,   76) (  64,   84) (  67,   64) (  75,   80) (  59,   67) (  75,   76)
          (  40,   57) (  91,   70) (  62,   77) (  57,   69) (  59,   54) (  88,   74) (  59,   63) (  79,   63) (  74,   54) (  49,   54)
          (  79,   61) (  49,   57) (  88,   76) (  39,   56) (  92,   66) (  46,   62) (  60,   64) ( 104,   67) (  57,   75) (  66,   72)
         
node   2 sent_total  47322  recv_total  46887

node   3  (   1,    0) (   0,    0) (   3,    3) (  27,   10) (  22,    6) (  55,   26) (  87,   72) (  96,   96) (  69,   79) ( 117,   85)
          (  76,   87) (  97,   86) (  80,   81) ( 104,   84) (  56,   78) (  63,   78) (  90,   86) ( 112,   77) (  45,   78) (  95,   69)
          (  92,   96) ( 101,   79) (  62,   83) ( 112,   77) (  95,   90) (  72,   89) (  83,   77) ( 100,   83) (  81,   88) (  92,   85)
          ( 100,   84) (  65,   67) ( 106,   98) (  75,   92) ( 101,   76) (  62,   93) (  80,   89) (  98,   91) (  88,   93) (  57,   81)
          (  92,  107) (  87,   88) (  73,   83) (  94,   81) (  73,   75) ( 119,  102) (  71,   78) (  91,   88) (  53,   72) (  88,   95)
          (  91,   85) (  79,   81) (  62,   89) (  61,   72) (  87,   85) (  80,   70) (  71,   56) (  93,   70) (  85,   82) (  63,   66)
          ( 100,   88) (  63,   84) (  73,   71) (  79,   68) (  85,   80) (  72,   80) (  81,   75) (  62,   56) (  92,   68) (  84,   74)
          (  74,   84) (  68,   79) ( 111,   70) (  63,   81) (  76,   83) (  49,   67) (  78,   87) ( 114,   68) (  54,   78) (  66,   77)
          (  81,   84) (  72,   74) (  53,   83) (  90,   82) (  80,   85) (  77,   80) (  66,   77) ( 115,   75) (  67,   79) (  61,   79)
          ( 103,   74) (  57,   87) (  86,   71) (  98,   86) (  57,   68) (  86,   76) (  46,   63) ( 102,   78) (  87,   88) (  66,   80)
          (  84,   61) (  67,   86) (  62,   68) (  68,   54) (  59,   61) (  86,   52) (  62,   54) (  69,   67) (  80,   63) (  51,   57)
          (  93,   54) (  64,   84) (  30,   47) (  81,   62) (  56,   70) (  50,   56) (  95,   56) (  82,   56) (  58,   52) (  84,   70)
          (  84,   60) (  69,   52) (  64,   63) (  71,   72) (  51,   47) (  55,   56) (  54,   54) (  57,   67) (  59,   69) (  50,   51)
          (  48,   55) (  64,   53) (  75,   73) (  43,   57) (  60,   64) (  78,   67) (  63,   68) (  62,   63) (  53,   69) (  63,   54)
          (  64,   59) (  45,   72) (  57,   69) (  73,   53) (  29,   58) (  77,   77) (  26,   57) (  69,   76) (  52,   67) (  65,   68)
          (  57,   61) (  58,   76) (  51,   49) (  58,   59) (  71,   58) (  70,   48) (  58,   62) (  46,   69) (  80,   63) (  63,   54)
          (  49,   58) (  74,   48) (  56,   50) (  41,   52) (  91,   71) (  56,   64) (  59,   64) (  39,   47) (  84,   66) (  43,   50)
          (  67,   61) (  71,   73) (  60,   61) (  51,   59) (  46,   73) (  61,   67) (  73,   51) (  54,   57) (  56,   62) (  63,   71)
          (  59,   68) (  76,   59) (  47,   60) (  64,   67) (  64,   46) (  57,   67) (  75,   64) (  58,   60) (  59,   46) (  55,   62)
          (  74,   64) (  41,   63) (  50,   72) (  60,   59) (  56,   64) (  50,   66) (  68,   63) (  61,   57) (  48,   49) (  38,   62)
          (  73,   60) (  69,   58) (  60,   62) (  60,   62) (  65,   56) (  28,   65) (  82,   61) (  62,   57) (  71,   65) (  45,   52)
          (  62,   55) (  60,   55) (  51,   64) (  71,   62) (  57,   67) (  52,   58) (  76,   64) (  73,   48) (  75,   63) (  45,   57)
          (  60,   60) (  65,   61) (  69,   67) (  40,   55) (  62,   59) (  58,   50) (  55,   68) (  44,   52) (  78,   48) (  62,   58)
          (  54,   44) (  58,   53) (  61,   72) (  33,   50) (  73,   57) (  50,   65) (  89,   60) (  54,   68) (  61,   69) (  47,   35)
          (  62,   67) (  69,   58) (  38,   59) (  66,   69) (  67,   68) (  43,   60) (  82,   53) (  68,   68) (  68,   64) (  51,   47)
          (  54,   68) (  63,   69) (  57,   63) (  37,   52) (  80,   62) (  58,   66) (  54,   54) (  53,   72) (  52,   56) (  62,   51)
          (  61,   70) (  59,   75) (  87,   70) (  52,   46) (  46,   64) (  71,   73) (  68,   63) (  45,   53) (  48,   52) (  77,   53)
          (  58,   51) (  39,   73) (  76,   47) (  51,   60) (  72,   58) (  48,   58) (  66,   59) (  63,   65) (  64,   55) (  59,   58)
          (  61,   90) (  72,   63) (  68,   75) (  38,   57) (  69,   66) (  72,   65) (  63,   52) (  71,   56) (  40,   57) (  73,   61)
          (  69,   59) (  59,   73) (  53,   52) (  62,   71) (  66,   63) (  64,   62) (  54,   73) (  64,   73) (  67,   66) (  56,   63)
          (  49,   54) (  67,   70) (  91,   65) (  63,   60) (  74,   66) (  59,   69) (  63,   63) (  47,   67) (  93,   62) (  80,   71)
          (  52,   62) (  83,   65) (  80,   76) (  42,   60) (  74,   79) (  55,   57) (  78,   59) (  67,   60) (  71,   58) (  47,   65)
          (  74,   73) (  72,   59) (  59,   76) (  55,   74) (  68,   72) (  73,   77) (  63,   77) (  90,   68) (  18,   71) (  89,   62)
          (  72,   68) (  69,   70) (  64,   86) (  58,   55) (  73,   65) (  73,   78) (  73,   85) (  73,   64) (  71,   72) (  60,   54)
          (  70,   61) (  81,   81) (  76,   60) (  65,   81) (  61,   64) (  69,   72) (  63,   67) (  46,   63) (  91,   76) (  74,   80)
          (  47,   56) (  81,   76) (  73,   75) (  34,   42) (  73,   89) (  84,   63) (  62,   65) (  64,   70) (  65,   61) (  74,   66)
          (  81,   79) (  68,   70) (  66,   64) (  77,   68) (  58,   71) (  97,   68) (  38,   68) (  61,   58) (  93,   84) (  36,   49)
          ( 100,   81) (  83,   79) (  58,   85) (  44,   55) ( 104,   80) (  49,   64) (  74,   65) (  64,   66) (  66,   71) (  57,   61)
          (  65,   81) (  85,   58) (  68,   72) (  48,   68) (  70,   46) (  82,   74) (  68,   77) (  74,   79) (  82,   71) (  46,   60)
          (  80,   77) (  68,   81) (  45,   55) (  78,   69) (  83,   92) (  41,   55) (  91,   72) (  41,   53) (  75,   87) (  50,   68)
          (  71,   78) (  87,   63) (  55,   68) (  61,   49) (  67,   70) (  95,   72) (  64,   73) (  43,   70) (  76,   71) (  79,   74)
          (  67,   74) (  61,   53) (  63,   63) (  57,   64) (  72,   61) (  83,   87) (  68,   57) (  65,   71) (  70,   67) (  61,   61)
          (  74,   69) (  68,   70) (  72,   68) (  48,   65) (  87,   70) (  66,   53) (  58,   78) (  65,   60) (  59,   67) (  60,   63)
          (  92,   69) (  47,   67) (  98,   70) (  62,   71) (  48,   82) (  70,   62) (  44,   67) (  89,   67) (  42,   72) (  92,   74)
          (  66,   70) (  61,   71) (  80,   71) (  72,   74) (  50,   74) ( 102,   72) (  71,   56) (  66,   65) (  55,   56) (  50,   74)
          (  94,   64) (  62,   82) (  37,   62) (  84,   79) (  71,   83) (  56,   76) (  81,   67) (  58,   77) (  82,   67) (  58,   64)
          ( 100,   67) (  57,   63) (  41,   80) (  72,   69) (  74,   65) (  76,   56) (  83,   65) (  78,   62) (  55,   71) (  81,   66)
          (  57,   53) (  72,   74) (  56,   47) (  60,   68) (  59,   65) (  71,   59) (  72,   66) (  51,   79) (  76,   69) (  67,   54)
          (  62,   90) (  67,   76) (  81,   75) (  51,   66) (  83,   67) (  58,   65) (  65,   66) (  63,   51) (  63,   77) (  66,   64)
          (  72,   65) (  32,   79) ( 109,   52) (  76,   59) (  71,   81) (  50,   68) (  62,   61) (  80,   65) (  87,   68) (  50,   60)
          (  80,   80) (  63,   61) (  48,   54) (  73,   65) (  68,   72) (  74,   83) (  93,   66) (  34,   67) (  79,   80) (  55,   52)
          (  84,   58) (  55,   59) (  72,   66) (  85,   67) (  56,   58) (  50,   63) (  83,   79) (  57,   57) (  73,   63) (  66,   51)
          (  73,   75) (  64,   60) (  75,   69) (  68,   72) (  75,   86) (  65,   65) (  66,   67) (  69,   71) (  62,   65) (  57,   62)
          (  71,   72) (  33,   79) ( 103,   87) (  57,   61) (  47,   70) (  58,   92) (  69,   61) (  69,   58) (  46,   68) (  66,   58)
          (  63,   53) (  65,   68) (  84,   62) (  37,   59) (  71,   59) (  87,   71) (  51,   67) (  79,   76) (  50,   75) (  78,   72)
          (  52,   59) (  76,   63) (  82,   79) (  56,   66) (  59,   67) (  55,   71) (  96,   57) (  91,   76) (  56,   61) (  75,   69)
          (  47,   69) (  69,   76) (  60,   75) (  72,   61) (  80,   68) (  57,   70) (  48,   68) (  72,   63) (  89,   67) (  47,   60)
          (  75,   77) (  64,   61) (  60,   63) (  70,   57) (  64,   57) (  38,   68) (  99,   82) (  64,   60) (  55,   58) (  92,   64)
          (  73,   66) (  40,   49) (  73,   74) (  69,   68) (  74,   76) (  74,   51) (  38,   71) (  93,   76) (  68,   76) (  55,   87)
          (  74,   74) (  71,   79) (  64,   82) (  69,   58) (  61,   76) (  64,   71) (  74,   54) (  74,   68) (  71,   71) (  46,   60)
          (  66,   79) (  71,   71) (  59,   56) (  81,   76) (  75,   69) (  52,   55) (  68,   78) (  82,   64) (  47,   72) (  71,   84)
          (  74,   60) (  75,   67) (  65,   80) (  72,   85) (  84,   71) (  39,   72) (  80,   59) (  57,   54) (  91,   71) (  48,   67)
          (  57,   68) (  80,   67) ( 109,   73) (  38,   58) (  55,   56) (  65,   68) (  64,   60) (  64,   55) ( 101,   59) (  72,   68)
          (  64,   69) (  69,   69) (  59,   75) (  62,   65) (  75,   71) (  68,   77) (  66,   73) (  66,   76) (  65,   72) (  92,   81)
          (  65,   62) (  61,   59) (  64,   64) (  63,   65) (  83,   81) (  46,   57) (  91,   63) (  65,   66) (  70,   64) (  58,   72)
          (  73,   63) (  84,   58) (  63,   71) (  58,   78) (  71,   70) (  80,   65) (  54,   60) (  49,   68) (  98,   84) (  58,   80)
          (  83,   84) (  80,   58) (  57,   59) (  68,   81) (  66,   72) (  78,   68) (  57,   74) (  64,   73) (  51,   56) (  68,   70)
          (  71,   70) (  71,   73) (  75,   61) (  74,   60) (  72,   81) (  39,   50) (  73,   81) (  52,   68) (  71,   74) (  66,   61)
          (  49,   46) (  74,   71) (  70,   67) (  46,   87) (  72,   69) (  79,   67) (  43,   57) (  78,   62) (  47,   74) (  71,   78)
          (  66,   68) (  56,   70) (  67,   86) (  72,   68) (  56,   66) (  66,   66) (  65,   53) (  74,   72) (  63,   88) (  82,   60)
         
node   3 sent_total  46798  recv_total  46993

node   4  (   1,    0) (   0,    0) (   1,    4) (  23,    9) (  21,    6) (  76,   24) (  97,   38) (  82,   88) ( 103,   98) (  74,   80)
          (  96,   73) (  76,   95) (  75,   92) (  96,   86) (  94,   87) (  78,   93) ( 100,   96) (  90,   77) (  82,   99) (  74,   70)
          (  56,   95) ( 128,   86) (  72,   81) ( 106,   97) (  71,   70) (  95,  105) (  73,   73) (  77,   89) (  98,  112) (  86,   87)
          (  66,   73) (  95,   81) ( 103,   84) (  27,   92) ( 131,   81) (  81,   86) (  80,   76) (  76,   73) (  64,   95) ( 108,   90)
          (  74,   83) (  95,   87) (  70,   96) (  83,   75) ( 101,   81) (  62,   95) ( 101,  108) (  70,   81) ( 103,   88) (  91,   72)
          (  91,   97) (  76,   80) (  55,   94) ( 101,   71) (  67,   67) (  96,  101) (  62,   83) (  62,   74) (  74,   69) (  74,   79)
          (  97,   67) (  54,   75) (  89,   69) (  63,   75) ( 100,   82) (  67,   74) (  61,   65) (  88,   77) (  38,   75) (  70,   75)
          (  86,   75) (  87,   88) (  85,   74) (  59,   68) ( 102,   73) (  61,   83) (  79,   81) (  90,   75) (  54,   92) (  97,   60)
          (  60,   80) (  68,   57) (  65,   72) (  63,   72) (  73,   80) (  81,   59) (  90,   67) (  59,   80) (  91,   90) (  80,   74)
          (  92,   65) (  52,   79) (  65,   68) (  92,   93) (  79,   73) (  70,   87) (  95,   77) (  58,   86) (  71,   70) ( 111,   97)
          (  63,   68) (  68,   92) (  86,   98) (  66,   49) (  48,   62) (  67,   55) (  64,   48) (  87,   77) (  66,   78) (  74,   51)
          (  56,   48) (  82,   58) (  49,   49) (  63,   56) (  72,   67) (  59,   71) (  86,   67) (  75,   56) (  79,   67) (  33,   50)
          (  80,   73) (  70,   61) (  76,   46) (  61,   70) (  69,   61) (  62,   69) (  47,   60) (  61,   55) (  44,   59) (  69,   58)
          (  69,   61) (  65,   49) (  38,   45) (  73,   73) (  73,   53) (  53,   60) (  70,   68) (  42,   62) (  63,   72) (  63,   60)
          (  79,   75) (  50,   63) (  71,   51) (  60,   54) (  67,   75) (  45,   43) (  57,   67) (  75,   64) (  51,   52) (  57,   63)
          (  78,   58) (  53,   56) (  35,   49) (  65,   65) (  63,   63) (  44,   49) (  66,   47) (  69,   60) (  44,   60) (  72,   63)
          (  55,   71) (  65,   63) (  60,   65) (  41,   55) (  78,   71) (  70,   59) (  86,   67) (  45,   65) (  66,   69) (  72,   74)
          (  67,   47) (  71,   87) (  48,   76) (  78,   68) (  55,   61) (  62,   58) (  57,   55) (  79,   71) (  47,   50) (  73,   59)
          (  55,   66) (  31,   52) (  72,   64) (  64,   46) (  83,   57) (  61,   58) (  31,   58) (  82,   66) (  55,   55) (  74,   57)
          (  61,   64) (  66,   73) (  45,   51) (  83,   59) (  74,   55) (  60,   75) (  59,   62) (  64,   58) (  58,   57) (  53,   67)
          (  72,   60) (  61,   77) (  57,   63) (  38,   44) (  46,   46) (  83,   73) (  78,   56) (  61,   59) (  65,   66) (  65,   76)
          (  60,   56) (  61,   63) (  45,   51) (  55,   51) (  73,   58) (  43,   49) (  60,   65) (  65,   55) (  42,   82) (  63,   55)
          (  50,   66) (  50,   58) (  48,   68) (  77,   57) (  67,   59) (  54,   64) (  70,   67) (  74,   74) (  38,   51) (  45,   60)
          (  84,   58) (  59,   78) (  38,   59) (  60,   57) (  75,   52) (  59,   65) (  36,   45) (  79,   77) (  49,   58) (  48,   62)
          (  63,   60) (  48,   46) (  75,   64) (  65,   59) (  44,   57) (  76,   58) (  54,   64) (  55,   60) (  54,   54) (  56,   50)
          (  78,   66) (  49,   56) (  73,   47) (  66,   67) (  50,   50) (  74,   64) (  65,   63) (  61,   59) (  75,   80) (  53,   58)
          (  69,   67) (  58,   59) (  62,   64) (  54,   59) (  73,   52) (  60,   50) (  60,   69) (  59,   66) (  55,   53) (  70,   60)
          (  67,   74) (  69,   68) (  46,   53) (  65,   53) (  38,   45) (  81,   55) (  60,   44) (  57,   53) (  53,   55) (  77,   52)
          (  66,   57) (  62,   59) (  40,   55) (  95,   62) (  51,   44) (  67,   74) (  57,   60) (  68,   69) (  73,   67) (  44,   37)
          (  84,   66) (  47,   60) (  71,   66) (  57,   57) (  67,   60) (  43,   66) (  51,   61) (  62,   60) (  29,   49) (  87,   65)
          (  50,   67) (  83,   65) (  72,   69) (  67,   69) (  74,   63) (  64,   82) (  80,   73) (  61,   66) (  57,   58) (  73,   59)
          (  73,   69) (  62,   67) (  89,   70) (  67,   54) (  54,   88) (  71,   63) (  55,   65) (  64,   89) (  56,   55) (  63,   59)
          (  72,   80) (  64,   63) (  78,   68) (  67,   75) (  51,   67) (  82,   59) (  47,   66) (  92,   69) (  64,   65) (  73,   51)
          (  68,   70) (  63,   70) (  69,   68) (  68,   77) (  58,   61) (  89,   70) (  60,   73) (  76,   66) (  76,   75) (  63,   57)
          (  77,   70) (  67,   67) (  71,   63) (  57,   78) (  49,   64) (  73,   58) (  82,   56) (  58,   56) (  69,   55) (  74,   68)
          (  54,   59) (  77,   83) (  80,   76) (  75,   69) (  76,   74) (  58,   44) (  77,   64) (  64,   73) (  76,   67) (  48,   48)
          (  65,   84) (  88,   87) (  85,   74) (  41,   50) (  75,   67) (  48,   53) (  89,   81) (  76,   58) (  53,   61) (  94,   69)
          (  58,   75) (  62,   81) (  39,   76) ( 108,   64) (  55,   51) (  55,   73) (  57,   54) (  63,   70) (  89,   70) (  74,   62)
          (  69,   59) (  48,   64) (  72,   70) (  65,   59) (  82,   71) (  71,   70) (  67,   81) (  70,   77) (  75,   80) (  86,   77)
          (  48,   71) (  69,   72) (  76,   65) (  73,   72) (  61,   68) (  62,   56) (  74,   84) (  80,   53) (  82,   84) (  49,   77)
          (  82,   78) (  63,   64) (  71,   72) (  93,   88) (  43,   69) (  61,   70) (  83,   64) (  58,   62) (  64,   65) (  91,   81)
          (  59,   54) (  65,   72) (  55,   71) (  77,   76) (  46,   54) (  69,   81) (  72,   77) (  79,   78) (  64,   67) (  76,   77)
          (  52,   57) (  74,   68) (  70,   63) (  66,   66) (  65,   65) (  76,   58) (  67,   76) (  63,   63) (  71,   72) (  86,   66)
          (  55,   73) (  66,   74) (  61,   70) (  81,   65) (  60,   81) (  52,   55) ( 103,   75) (  45,   80) (  76,   70) (  55,   59)
          (  54,   59) (  75,   76) (  87,   56) (  49,   67) (  94,   70) (  55,   70) (  71,   64) (  42,   72) (  91,   65) (  47,   82)
          (  75,   64) (  80,   80) (  61,   68) (  55,   47) (  70,   61) (  86,   67) (  55,   69) (  83,   74) (  65,   69) (  63,   70)
          (  83,   72) (  42,   67) (  94,   73) (  71,   74) (  49,   64) (  63,   80) (  70,   70) (  69,   71) (  61,   62) (  55,   73)
          (  67,   74) (  51,   69) (  64,   58) (  88,   75) (  68,   59) (  42,   67) (  91,   80) (  40,   60) (  75,   59) (  68,   58)
          (  75,   75) (  48,   60) (  73,   63) (  71,   85) (  74,   48) (  80,   83) (  58,   63) (  76,   65) (  64,   61) (  52,   72)
          (  76,   71) (  58,   57) (  90,   83) (  57,   78) (  73,   72) (  55,   66) (  67,   82) (  53,   65) (  66,   71) (  86,   75)
          (  61,   57) (  74,   75) (  73,   71) (  47,   64) (  80,   67) (  61,   77) (  78,   60) (  75,   70) (  71,   78) (  70,   74)
          (  76,   83) (  65,   71) (  58,   84) (  86,   78) (  69,   55) (  63,   77) (  49,   72) (  75,   63) (  75,   70) (  72,   70)
          (  61,   64) (  72,   71) (  71,   79) (  89,   79) (  54,   63) (  57,   62) (  74,   58) (  80,   68) (  60,   69) (  51,   63)
          (  73,   60) (  76,   62) (  49,   58) (  67,   60) (  91,   68) (  51,   61) (  66,   67) (  95,   64) (  43,   69) (  76,   79)
          (  62,   63) (  64,   73) (  77,   68) (  71,   62) (  67,   74) (  72,   78) (  60,   67) (  80,   58) (  74,   68) (  73,   78)
          (  60,   69) (  66,   64) (  98,   93) (  58,   64) (  85,   80) (  41,   57) (  83,   83) (  68,   70) (  38,   65) (  69,   64)
          (  80,   68) (  76,   62) (  56,   58) (  71,   73) (  74,   75) (  65,   67) (  41,   52) (  84,   68) (  71,   65) (  72,   72)
          (  65,   65) (  53,   68) (  77,   89) (  47,   64) (  86,   70) (  83,   60) (  58,   61) (  74,   74) (  70,   75) (  57,   57)
          (  89,   82) (  62,   75) (  59,   64) (  80,   70) (  53,   58) (  65,   88) (  55,   66) (  73,   63) (  69,   69) (  73,   63)
          (  85,   69) (  49,   67) (  73,   67) (  88,   65) (  70,   69) (  65,   62) (  72,   58) (  66,   74) (  68,   63) (  62,   82)
          (  63,   64) (  51,   69) (  99,   72) (  39,   64) (  81,   81) (  69,   63) (  64,   75) (  66,   66) (  58,   57) (  73,   72)
          (  68,   71) (  40,   66) (  95,   78) (  76,   69) (  67,   62) (  56,   62) (  50,   52) (  85,   79) (  74,   66) (  58,   73)
          (  64,   65) (  82,   67) (  46,   59) ( 104,   74) (  39,   74) (  86,   68) (  66,   83) (  50,   67) (  70,   77) (  73,   67)
          (  55,   74) (  72,   61) (  81,   80) (  70,   74) (  77,   73) (  48,   66) (  90,   70) (  60,   63) (  82,   64) (  55,   75)
          (  54,   64) (  57,   63) (  76,   61) (  91,   61) (  48,   66) (  67,   80) (  81,   70) (  58,   66) (  67,   68) (  55,   55)
          (  77,   75) (  56,   61) (  62,   71) (  59,   56) (  91,   69) (  66,   72) (  82,   66) (  71,   58) (  64,   66) (  87,   80)
          (  64,   52) (  38,   68) ( 105,   63) (  66,   63) (  54,   69) (  89,   62) (  65,   79) (  71,   74) (  72,   64) (  46,   41)
          (  75,   89) (  66,   69) (  87,   81) (  53,   47) (  93,   66) (  66,   63) (  65,   69) (  48,   60) (  68,   74) (  84,   65)
          (  71,   77) (  87,   82) (  66,   69) (  61,   75) (  42,   52) (  82,   73) (  67,   57) (  83,   70) (  53,   52) (  68,   97)
          (  63,   61) (  86,   69) (  42,   72) (  84,   56) (  62,   65) (  83,   71) (  71,   69) (  76,   64) (  75,   69) (  52,   77)
         
node   4 sent_total  47243  recv_total  47056

node   5  (   0,    0) (   1,    0) (   0,    0) (  15,    5) (  28,   13) (  52,   20) ( 102,   74) (  51,   79) ( 106,   84) (  95,   85)
          (  71,   78) (  78,   83) ( 126,   88) (  65,   78) (  99,  102) (  74,   90) (  99,  102) (  73,   85) (  62,   85) ( 112,   95)
          (  77,   83) (  49,   65) (  95,   82) (  91,   64) (  83,   76) (  54,   83) ( 107,   83) (  82,   84) (  91,   84) (  72,  102)
          (  81,   69) (  80,   94) (  88,  100) ( 110,   96) ( 110,   84) (  40,   86) (  85,   85) (  99,   80) (  69,   91) (  80,   78)
          ( 117,   88) (  42,   77) ( 134,   79) (  90,   85) (  78,   89) (  87,   94) (  45,   85) ( 105,   98) (  74,   67) ( 123,   93)
          (  53,   78) (  93,   94) (  48,   74) (  96,   84) (  69,   68) (  75,   70) (  82,   71) ( 103,   84) (  75,   72) (  45,   63)
          ( 118,   94) (  54,   95) (  75,   74) (  55,   73) (  91,   75) (  73,   77) (  77,   81) (  50,   76) (  96,   86) (  62,   73)
          (  69,   66) (  97,   82) (  49,   61) ( 112,   92) (  90,   81) (  90,   65) (  42,   74) (  73,   68) (  88,   81) (  53,   61)
          (  72,   75) ( 112,   64) (  45,   59) ( 101,   93) (  88,   73) (  73,   85) (  91,   81) (  73,   94) (  67,   80) (  91,   73)
          (  66,   61) (  63,   75) (  78,   66) (  63,   81) (  69,   67) (  99,   76) (  67,   70) (  77,   82) (  58,   62) (  86,   68)
          (  92,   90) (  73,   69) (  61,   71) (  46,   39) (  63,   74) (  69,   65) (  80,   50) (  44,   63) (  80,   62) (  68,   63)
          (  69,   63) (  77,   56) (  59,   79) (  64,   58) (  92,   69) (  60,   55) (  65,   62) (  54,   60) (  94,   59) (  64,   50)
          (  78,   71) (  52,   57) ( 115,   71) (  40,   64) (  83,   54) (  56,   57) (  62,   54) (  79,   72) (  53,   58) (  71,   82)
          (  48,   68) (  59,   70) (  73,   49) (  42,   54) (  71,   61) (  57,   57) (  57,   64) (  76,   60) (  58,   70) (  60,   57)
          (  64,   69) (  57,   59) (  59,   55) (  82,   71) (  37,   57) (  80,   60) (  82,   64) (  39,   58) (  75,   48) (  49,   64)
          (  71,   69) (  72,   54) (  54,   63) (  77,   61) (  51,   71) (  70,   72) (  51,   72) (  63,   59) (  65,   47) (  47,   74)
          (  79,   61) (  58,   67) (  59,   53) (  50,   67) (  76,   53) (  40,   65) (  72,   56) (  55,   61) (  71,   65) (  77,   66)
          (  66,   56) (  63,   70) (  47,   69) (  65,   62) (  66,   63) (  61,   64) (  59,   59) (  65,   64) (  61,   55) (  71,   63)
          (  44,   65) (  56,   57) (  37,   53) (  61,   60) (  66,   57) (  79,   74) (  82,   67) (  31,   54) (  73,   63) (  56,   65)
          (  63,   63) (  65,   57) (  59,   53) (  81,   64) (  42,   62) (  72,   77) (  47,   62) (  59,   71) (  79,   66) (  69,   58)
          (  40,   44) (  81,   56) (  55,   58) (  73,   57) (  58,   51) (  60,   70) (  61,   58) (  33,   55) (  72,   67) (  50,   57)
          (  61,   68) (  57,   62) (  56,   44) (  53,   50) (  55,   61) (  88,   69) (  51,   69) (  60,   49) (  60,   49) (  71,   59)
          (  39,   55) (  69,   61) (  46,   46) (  59,   70) (  76,   61) (  62,   56) (  63,   80) (  64,   62) (  57,   53) (  60,   64)
          (  65,   59) (  60,   75) (  57,   56) (  56,   60) (  52,   58) (  62,   71) (  59,   59) (  63,   69) (  65,   53) (  37,   59)
          (  69,   67) (  56,   69) (  76,   53) (  70,   64) (  50,   64) (  60,   34) (  49,   65) (  83,   68) (  36,   52) (  63,   51)
          (  84,   67) (  54,   70) (  27,   53) (  59,   67) (  60,   52) (  65,   74) (  62,   48) (  55,   74) (  41,   80) (  81,   58)
          (  45,   71) (  57,   78) (  64,   56) (  82,   66) (  52,   55) (  57,   52) (  76,   61) (  45,   67) (  62,   57) (  58,   61)
          (  55,   62) (  67,   71) (  72,   47) (  52,   54) (  68,   54) (  50,   75) (  65,   62) (  69,   63) (  39,   59) (  73,   60)
          (  61,   59) (  78,   67) (  56,   70) (  75,   70) (  59,   60) (  37,   59) (  72,   65) (  54,   78) (  50,   60) (  58,   53)
          (  60,   62) (  70,   51) (  60,   51) (  69,   64) (  16,   53) (  59,   56) (  69,   48) (  63,   52) (  41,   61) (  49,   66)
          (  89,   77) (  54,   43) (  70,   78) (  80,   74) (  63,   67) (  93,   62) (  55,   70) (  75,   77) (  57,   77) (  88,   64)
          (  75,   67) (  69,   71) (  29,   62) (  84,   70) (  64,   78) (  77,   70) (  80,   62) (  55,   65) (  82,   68) (  77,   67)
          (  41,   60) (  79,   54) (  54,   42) (  72,   76) (  64,   60) (  71,   84) (  83,   79) (  74,   53) (  64,   75) (  64,   76)
          (  64,   68) (  81,   80) (  30,   58) (  94,   59) (  56,   55) (  73,   66) (  63,   84) (  90,   69) (  40,   58) (  55,   61)
          (  96,   55) (  48,   92) (  61,   63) (  77,   79) (  50,   62) (  90,   68) (  53,   67) (  73,   82) (  54,   60) (  66,   82)
          (  77,   62) (  79,   57) (  71,   82) (  57,   61) (  52,   61) (  55,   79) (  79,   68) (  80,   68) (  58,   77) (  52,   65)
          (  66,   65) (  80,   71) (  83,   79) (  72,   70) (  79,   73) (  84,   74) (  41,   63) (  80,   65) (  90,   68) (  55,   49)
          (  69,   74) (  57,   72) (  80,   64) (  75,   64) (  58,   73) (  65,   68) (  75,   65) (  91,   62) (  33,   65) (  77,   64)
          (  57,   67) (  59,   59) (  75,   73) (  75,   84) (  50,   66) (  69,   72) (  84,   73) (  45,   64) (  81,   72) (  67,   74)
          (  68,   63) (  60,   71) (  80,   51) (  90,   65) (  36,   64) (  97,   70) (  60,   73) (  73,   70) (  45,   60) (  81,   77)
          (  63,   54) (  75,   64) (  64,   76) (  43,   66) (  85,   74) (  61,   54) (  73,   61) (  66,   79) (  62,   46) (  66,   77)
          (  58,   68) (  73,   72) (  72,   70) (  60,   68) (  76,   69) (  52,   49) (  62,   69) (  82,   72) (  49,   61) (  54,   70)
          (  65,   73) (  82,   74) (  65,   75) (  96,   77) (  53,   52) (  67,   56) (  63,   82) (  85,   83) (  40,   67) (  86,   82)
          (  82,   66) (  72,   78) (  59,   71) (  80,   67) (  41,   66) (  67,   58) ( 102,   72) (  43,   53) (  70,   65) (  87,   83)
          (  55,   60) (  84,   74) (  62,   54) (  81,   82) (  54,   65) (  80,   74) (  67,   66) (  53,   69) (  53,   54) (  72,   57)
          (  48,   60) (  90,   74) (  64,   73) (  72,   59) (  53,   63) (  84,   67) (  78,   77) (  38,   56) (  72,   66) (  69,   71)
          (  71,   66) (  73,   73) (  68,   63) (  57,   57) (  73,   72) (  62,   66) (  56,   62) (  64,   70) (  73,   64) (  68,   74)
          (  61,   70) (  62,   69) (  80,   62) (  56,   58) ( 106,   77) (  49,   59) (  64,   66) (  68,   64) (  41,   52) (  69,   57)
          (  80,   69) (  78,   69) (  76,   73) (  39,   55) ( 103,   67) (  67,   69) (  45,   59) (  76,   73) (  83,   63) (  67,   66)
          (  64,   59) (  54,   75) (  58,   57) (  79,   72) (  78,   70) (  67,   69) (  64,   79) (  52,   58) (  73,   65) (  55,   69)
          (  66,   73) (  63,   71) (  84,   71) (  60,   53) (  71,   71) (  47,   58) (  88,   62) (  55,   63) (  67,   49) (  81,   72)
          (  77,   70) (  55,   84) (  76,   63) (  65,   73) (  59,   56) (  73,   65) (  59,   60) (  52,   56) (  65,   82) (  58,   65)
          (  90,   81) (  75,   75) (  62,   67) (  98,   82) (  57,   76) (  79,   63) (  62,   74) (  62,   53) (  49,   68) (  87,   64)
          (  70,   50) (  63,   75) (  61,   78) (  86,   64) (  47,   55) (  67,   77) (  72,   68) (  64,   60) (  67,   70) (  71,   70)
          (  65,   76) (  64,   86) (  64,   57) (  55,   65) (  81,   74) (  74,   70) (  49,   74) (  49,   69) ( 107,   86) (  70,   58)
          (  73,   65) (  52,   56) (  75,   58) (  90,   66) (  41,   60) (  97,   76) (  52,   63) (  67,   56) (  69,   64) (  85,   62)
          (  78,   74) (  43,   62) (  79,   81) (  67,   79) (  47,   62) (  68,   79) (  94,   65) (  69,   70) (  57,   74) (  83,   79)
          (  65,   59) (  58,   79) (  81,   69) (  74,   48) (  47,   74) (  82,   81) (  65,   62) (  65,   68) (  50,   67) (  74,   59)
          (  68,   80) (  58,   60) (  78,   67) (  69,   60) (  51,   71) (  61,   62) (  51,   78) (  74,   78) (  89,   74) (  57,   67)
          (  83,   74) (  65,   56) (  83,   70) (  41,   64) (  87,   69) (  65,   89) (  51,   69) (  65,   55) (  81,   62) (  49,   59)
          (  91,   77) (  59,   48) (  64,   79) (  62,   58) (  67,   61) (  86,   69) (  51,   67) (  79,   83) (  57,   57) (  73,   63)
          (  67,   79) (  84,   77) (  78,   74) (  53,   59) (  65,   65) (  72,   76) (  75,   64) (  76,   68) (  71,   64) (  84,   76)
          (  60,   54) (  67,   73) (  67,   76) (  74,   79) (  87,   70) (  37,   62) (  60,   67) (  64,   51) (  63,   66) (  81,   59)
          (  59,   61) (  54,   75) (  62,   69) (  89,   73) (  65,   67) (  63,   73) (  83,   65) (  58,   56) (  62,   60) (  98,   65)
          (  64,   68) (  38,   84) (  75,   68) (  57,   63) (  75,   72) (  67,   81) (  55,   55) (  65,   70) (  87,   73) (  63,   74)
          (  78,   63) (  48,   66) (  75,   70) ( 100,   76) (  49,   75) (  54,   75) (  72,   69) (  91,   82) (  66,   52) (  57,   69)
          (  84,   75) (  81,   77) (  57,   71) (  72,   73) (  74,   79) (  72,   79) (  50,   61) (  82,   70) (  66,   49) (  73,   59)
          (  67,   59) (  75,   79) (  47,   70) (  76,   73) (  63,   82) (  76,   84) (  71,   74) (  52,   63) (  59,   65) ( 106,   82)
          (  58,   73) (  74,   65) (  71,   66) (  68,   63) (  89,   71) (  41,   64) (  73,   73) (  73,   68) (  85,   67) (  70,   74)
          (  47,   64) (  84,   77) (  60,   66) (  55,   59) (  61,   68) (  60,   81) (  82,   71) (  92,   80) (  45,   81) (  67,   74)
         
node   5 sent_total  47109  recv_total  47006

node   6  (   0,    0) (   1,    0) (   0,    0) (   5,    5) (  42,   14) (  60,   21) (  70,   61) ( 102,   90) (  71,   90) (  92,   81)
          (  91,   86) (  97,   88) (  77,  104) (  54,   82) ( 104,   83) (  64,   78) (  87,   88) (  73,   92) ( 102,   78) (  87,   63)
          (  63,   80) ( 125,   88) (  70,   91) (  66,   82) ( 111,   87) (  72,  109) (  81,   77) (  78,   84) (  84,   82) ( 100,  100)
          (  73,   69) ( 103,   91) (  60,   93) (  61,   90) ( 116,   78) (  69,   98) ( 110,   80) (  90,   71) (  87,   96) (  84,   82)
          (  83,   79) (  96,   94) (  74,   78) (  90,   85) (  47,   72) ( 120,   70) (  97,   83) (  88,   95) (  77,  107) ( 101,   85)
          (  77,   81) (  82,   77) (  91,   81) (  66,   80) (  46,   66) (  67,   92) ( 107,   80) (  56,   77) (  83,   73) (  76,   80)
          (  77,   68) (  73,   91) (  60,   69) (  98,   56) (  72,   82) (  83,   88) (  67,   77) (  54,   66) (  77,   78) (  89,   63)
          (  89,   72) (  70,   67) (  61,   82) (  75,   87) (  56,   83) (  99,   71) (  64,   76) (  74,   65) (  92,   98) (  62,   59)
          (  83,   79) (  88,   82) (  72,   69) (  53,   77) ( 101,   94) (  47,   79) (  74,   76) (  86,   81) (  66,   79) (  64,   79)
          ( 103,   79) (  66,   78) (  69,   66) (  68,   64) ( 107,   86) (  66,   78) (  74,   79) (  83,   80) (  74,   84) (  91,   78)
          (  79,   82) (  79,   82) (  61,   80) (  58,   59) (  93,   70) (  40,   60) (  87,   62) (  73,   58) (  70,   63) (  55,   71)
          (  81,   54) (  73,   61) (  66,   69) (  46,   52) (  91,   75) (  58,   72) (  58,   59) (  90,   63) (  38,   51) (  83,   65)
          (  80,   55) (  41,   46) ( 115,   70) (  51,   73) (  58,   50) (  34,   60) (  98,   62) (  49,   60) (  60,   59) (  69,   68)
          (  54,   59) (  66,   69) (  50,   57) (  66,   59) (  63,   59) (  63,   64) (  56,   54) (  67,   49) (  73,   71) (  69,   56)
          (  64,   65) (  66,   67) (  62,   53) (  56,   76) (  79,   68) (  39,   67) (  76,   63) (  37,   73) (  68,   62) (  49,   53)
          (  62,   53) (  58,   59) (  64,   59) (  49,   56) (  63,   74) (  54,   70) (  75,   57) (  35,   71) (  77,   61) (  57,   65)
          (  65,   60) (  58,   62) (  59,   67) (  66,   60) (  40,   50) (  70,   71) (  44,   43) (  72,   71) (  56,   56) (  39,   53)
          (  78,   60) (  67,   52) (  60,   65) (  61,   56) (  56,   56) (  50,   66) (  80,   71) (  47,   68) (  66,   53) (  68,   62)
          (  56,   45) (  64,   57) (  64,   73) (  73,   61) (  46,   53) (  53,   47) (  66,   59) (  66,   56) (  54,   72) (  61,   71)
          (  58,   75) (  77,   44) (  48,   60) (  65,   42) (  62,   53) (  66,   66) (  61,   60) (  50,   64) (  83,   55) (  76,   60)
          (  47,   48) (  66,   66) (  54,   55) (  77,   67) (  44,   44) (  57,   48) (  62,   72) (  74,   52) (  57,   51) (  81,   69)
          (  60,   74) (  55,   70) (  39,   56) (  82,   63) (  63,   45) (  65,   61) (  31,   58) (  64,   50) (  60,   64) (  60,   42)
          (  80,   72) (  57,   56) (  50,   63) (  65,   49) (  47,   59) (  66,   63) (  53,   65) (  59,   69) (  54,   55) (  45,   67)
          (  66,   56) (  62,   63) (  68,   67) (  43,   57) (  65,   47) (  70,   67) (  32,   63) (  51,   56) (  80,   47) (  57,   51)
          (  53,   44) (  78,   74) (  50,   56) (  84,   72) (  51,   57) (  59,   56) (  91,   68) (  36,   61) (  60,   62) (  63,   46)
          (  61,   56) (  69,   76) (  71,   48) (  38,   37) (  75,   60) (  61,   66) (  65,   54) (  74,   65) (  56,   64) (  41,   44)
          (  53,   49) (  74,   68) (  63,   60) (  65,   72) (  51,   61) (  59,   65) (  84,   56) (  77,   60) (  54,   60) (  56,   85)
          (  80,   65) (  60,   72) (  53,   73) (  37,   53) (  70,   63) (  72,   61) (  50,   58) (  65,   58) (  56,   64) (  65,   67)
          (  64,   61) (  74,   81) (  50,   66) (  65,   57) (  61,   53) (  80,   61) (  53,   70) (  55,   63) (  52,   63) (  38,   55)
          (  59,   72) (  39,   70) (  65,   56) (  53,   67) (  51,   61) (  78,   63) (  48,   46) (  67,   65) (  42,   48) (  85,   52)
          (  56,   57) (  86,   72) (  49,   64) (  82,   58) (  82,   72) (  59,   67) (  76,   77) (  50,   58) (  95,   82) (  41,   58)
          (  60,   85) (  73,   65) (  77,   66) (  73,   58) (  61,   69) (  50,   57) (  75,   77) (  61,   79) (  69,   65) (  81,   75)
          (  54,   59) (  71,   65) (  49,   70) (  65,   54) (  90,   69) (  82,   57) (  59,   76) (  76,   67) (  87,   76) (  40,   58)
          (  83,   73) (  87,   62) (  73,   64) (  59,   75) (  85,   80) (  50,   55) (  91,   88) (  53,   63) (  54,   70) (  88,   71)
          (  64,   64) (  47,   74) (  87,   62) (  75,   70) (  57,   65) (  70,   62) (  50,   81) (  87,   71) (  65,   60) (  63,   66)
          (  60,   75) ( 103,   79) (  55,   79) (  49,   60) (  53,   56) (  88,   77) (  64,   64) (  70,   74) (  66,   59) (  80,   61)
          (  43,   63) (  71,   70) (  32,   46) ( 124,   66) (  40,   82) (  82,   79) (  75,   69) (  46,   74) (  66,   69) (  47,   68)
          (  77,   50) ( 105,   72) (  73,   69) (  37,   61) (  71,   57) (  78,   77) (  46,   66) (  64,   63) (  75,   84) (  70,   52)
          (  51,   63) ( 105,   75) (  64,   57) (  53,   67) (  80,   64) (  74,   74) (  40,   71) (  82,   77) (  56,   56) (  60,   74)
          (  79,   58) (  54,   65) (  86,   68) (  46,   83) (  78,   79) (  74,   73) (  64,   68) (  56,   68) (  88,   64) (  72,   72)
          (  44,   66) (  78,   83) (  41,   68) (  73,   63) (  53,   66) (  70,   64) (  46,   62) (  77,   76) (  84,   67) (  48,   83)
          (  75,   64) (  74,   65) (  72,   82) (  58,   70) (  66,   71) (  87,   70) (  69,   78) (  41,   63) (  70,   64) (  56,   64)
          (  81,   57) (  82,   97) (  69,   64) (  54,   67) (  65,   79) ( 105,   55) (  46,   64) (  71,   60) (  64,   56) (  37,   55)
          (  85,   70) (  81,   81) (  31,   54) ( 105,   79) (  67,   73) (  77,   72) (  52,   59) (  72,   54) (  58,   59) (  62,   78)
          (  62,   77) (  89,   60) (  58,   62) (  94,   71) (  56,   65) (  46,   70) (  73,   60) (  86,   78) (  68,   71) (  65,   65)
          (  90,   59) (  77,   77) (  57,   74) (  65,   63) (  78,   62) (  47,   58) (  58,   79) (  94,   69) (  64,   77) (  90,   76)
          (  67,   73) (  71,   67) (  64,   76) (  63,   50) (  33,   60) (  91,   65) (  76,   77) (  74,   66) (  67,   75) (  67,   69)
          (  63,   59) (  57,   60) (  66,   59) (  74,   72) (  51,   71) (  85,   67) (  56,   69) (  71,   70) (  64,   52) (  88,   56)
          (  58,   68) (  69,   68) (  70,   63) (  75,   66) (  75,   67) (  47,   85) (  81,   52) (  77,   58) (  51,   84) (  86,   75)
          (  71,   63) (  80,   76) (  57,   56) (  70,   67) (  66,   77) (  76,   68) (  77,   68) (  76,   49) (  64,   65) (  82,   76)
          (  43,   66) (  57,   70) (  77,   71) (  65,   62) (  74,   84) (  78,   85) (  61,   70) (  77,   65) (  47,   62) (  73,   65)
          (  75,   73) (  56,   60) (  78,   65) (  57,   77) (  67,   71) (  73,   65) (  40,   64) (  83,   61) (  53,   65) (  74,   84)
          (  64,   70) (  56,   57) (  97,   67) (  48,   61) (  77,   61) (  72,   78) (  47,   66) (  81,   69) (  73,   69) (  73,   65)
          (  53,   63) (  62,   75) (  78,   76) (  67,   65) (  88,   85) (  49,   66) (  75,   70) (  62,   80) (  72,   65) (  63,   66)
          (  88,   87) (  50,   71) (  62,   72) (  90,   84) (  58,   58) (  94,   78) (  63,   66) (  66,   58) (  78,   89) (  67,   59)
          (  32,   69) ( 107,   68) (  57,   69) (  63,   77) (  75,   71) (  60,   70) (  66,   66) (  59,   52) (  99,   72) (  71,   70)
          (  53,   78) (  68,   76) (  89,   67) (  68,   66) (  39,   60) (  82,   87) (  48,   44) (  82,   87) (  70,   71) (  59,   75)
          (  71,   53) (  82,   78) (  77,   69) (  78,   75) (  63,   66) (  66,   66) (  62,   63) (  69,   82) (  66,   59) (  75,   58)
          (  62,   75) (  66,   61) (  63,   64) (  70,   47) (  42,   70) (  96,   64) (  79,   57) (  45,   85) (  52,   60) (  79,   70)
          (  74,   58) (  50,   60) (  76,   67) (  88,   77) (  77,   70) (  48,   50) (  88,   81) (  56,   73) (  65,   72) (  86,   58)
          (  73,   72) (  72,   71) (  55,   70) (  71,   79) (  72,   69) (  74,   76) (  54,   76) (  58,   72) (  74,   70) (  72,   55)
          (  59,   82) (  54,   81) (  96,   75) (  55,   66) (  82,   68) (  57,   74) (  77,   69) (  68,   71) (  66,   72) (  73,   82)
          (  56,   62) (  79,   59) (  78,   63) (  66,   72) (  66,   59) (  56,   73) (  74,   77) (  88,   51) (  47,   60) (  64,   73)
          (  74,   66) (  46,   60) (  67,   65) (  77,   59) (  78,   71) (  67,   76) (  68,   79) (  50,   64) (  70,   65) (  77,   63)
          (  39,   66) (  81,   71) (  57,   68) (  40,   85) (  89,   69) (  74,   73) (  37,   57) ( 112,   76) (  57,   57) (  75,   72)
          (  48,   73) (  81,   76) (  55,   61) (  80,   72) (  88,   64) (  58,   70) (  67,   81) (  60,   77) (  75,   67) (  65,   81)
          (  75,   81) (  67,   60) (  61,   70) (  93,   75) (  48,   64) (  81,   68) (  72,   67) (  76,   64) (  56,   67) (  81,   75)
          (  83,   72) (  32,   69) (  90,   71) (  37,   57) (  82,   80) (  85,   77) (  68,   51) (  64,   65) (  59,   46) (  70,   67)
          (  74,   66) (  72,   69) (  57,   77) (  74,   72) (  90,   69) (  39,   56) (  76,   58) (  64,   77) (  82,   71) (  59,   61)
          (  97,   70) (  62,   71) (  64,   73) (  72,   62) (  66,   76) (  61,   79) (  57,   67) (  88,   70) (  72,   83) (  56,   62)
         
node   6 sent_total  47179  recv_total  47126

node   7  (   0,    0) (   1,    0) (   0,    0) (   0,    4) (  44,   21) (  46,   33) (  76,   48) ( 102,   83) ( 110,   99) (  71,   80)
          (  72,   78) (  88,  102) (  86,   88) (  85,   74) (  79,   98) ( 114,   94) (  47,   59) ( 105,   85) (  92,   69) (  89,   80)
          (  97,   92) (  61,   77) (  88,   85) ( 104,   77) ( 104,   94) (  73,   75) (  83,   73) (  89,   70) (  74,   77) ( 104,   86)
          (  81,   72) (  99,   99) (  95,   79) ( 109,  108) (  85,   70) ( 102,   85) (  61,   70) (  69,   95) (  90,   76) (  93,   81)
          (  62,   76) (  76,   85) (  76,   85) (  82,   83) (  98,   79) (  88,   87) (  66,   78) (  89,   94) (  72,   88) ( 101,   94)
          (  85,   85) (  91,   95) (  76,   81) (  85,   73) (  70,   72) (  83,   65) (  68,   71) (  81,   77) (  77,   72) (  73,   78)
          (  68,   64) (  73,  109) (  77,   67) (  76,   63) (  58,   79) (  96,   81) (  36,   64) (  98,   63) (  63,   76) (  90,   68)
          (  65,   79) (  78,   80) (  71,   85) (  87,   79) (  66,   77) (  85,   87) (  68,   70) ( 105,   80) (  51,   67) ( 105,   85)
          (  63,   76) (  92,   87) (  70,   69) (  91,   63) (  55,   76) (  85,   88) ( 102,   78) (  50,   70) (  95,   78) (  70,   61)
          (  50,   71) (  91,   86) (  67,   62) (  82,   78) (  69,   76) (  81,   72) (  93,   88) (  58,   81) ( 105,   73) (  73,   87)
          (  84,   84) (  72,   85) (  67,   55) (  63,   41) (  60,   57) (  76,   41) (  73,   75) (  70,   87) (  76,   52) (  78,   61)
          (  51,   65) (  68,   61) (  98,   53) (  72,   54) (  61,   69) (  70,   59) (  79,   49) (  43,   50) ( 103,   70) (  50,   62)
          (  53,   67) (  65,   54) (  79,   57) (  46,   74) (  73,   69) (  44,   55) (  66,   61) (  52,   64) (  80,   66) (  83,   68)
          (  50,   59) (  62,   68) (  63,   65) (  60,   56) (  53,   58) (  61,   60) (  64,   63) (  83,   61) (  42,   62) (  68,   57)
          (  73,   71) (  42,   62) (  81,   59) (  62,   53) (  54,   53) (  40,   75) (  67,   62) (  28,   50) (  92,   63) (  53,   67)
          (  50,   69) (  60,   59) (  68,   68) (  59,   69) (  64,   66) (  73,   69) (  52,   60) (  72,   64) (  72,   53) (  49,   72)
          (  44,   51) (  96,   73) (  67,   64) (  54,   62) (  49,   52) (  82,   70) (  57,   47) (  60,   64) (  52,   53) (  73,   71)
          (  59,   57) (  71,   73) (  50,   62) (  62,   43) (  73,   69) (  67,   59) (  56,   56) (  64,   56) (  67,   66) (  88,   64)
          (  47,   69) (  57,   69) (  70,   61) (  48,   39) (  89,   78) (  59,   51) (  33,   77) (  82,   62) (  57,   59) (  74,   57)
          (  40,   59) (  69,   63) (  80,   54) (  35,   47) (  76,   63) (  71,   63) (  66,   75) (  62,   60) (  61,   58) (  49,   53)
          (  77,   60) (  53,   74) (  54,   66) (  56,   57) (  70,   56) (  74,   56) (  53,   67) (  34,   59) (  63,   60) (  86,   58)
          (  46,   56) (  49,   54) (  52,   63) (  76,   72) (  61,   81) (  69,   75) (  42,   64) (  65,   46) (  59,   66) (  68,   59)
          (  48,   66) (  50,   52) (  76,   72) (  46,   65) (  48,   57) (  58,   52) (  79,   75) (  34,   55) (  73,   62) (  67,   65)
          (  77,   57) (  40,   67) (  69,   67) (  67,   51) (  66,   63) (  52,   69) (  85,   59) (  44,   59) (  47,   58) (  68,   60)
          (  52,   58) (  71,   70) (  87,   59) (  44,   60) (  48,   63) (  50,   69) (  69,   63) (  69,   77) (  37,   58) (  72,   60)
          (  48,   54) (  58,   58) (  61,   55) (  61,   64) (  67,   46) (  67,   65) (  69,   58) (  60,   62) (  67,   69) (  66,   68)
          (  84,   65) (  66,   60) (  45,   58) (  51,   59) (  81,   67) (  81,   61) (  21,   55) (  89,   72) (  64,   55) (  54,   49)
          (  63,   71) (  70,   59) (  47,   54) (  72,   66) (  51,   49) (  67,   66) (  87,   67) (  54,   59) (  54,   58) (  69,   56)
          (  45,   59) (  75,   67) (  88,   81) (  21,   57) (  71,   66) (  58,   75) (  52,   57) (  67,   59) (  51,   49) (  65,   51)
          (  58,   66) (  72,   57) (  71,   68) (  37,   57) (  83,   74) (  58,   56) (  58,   55) (  50,   54) (  71,   75) (  60,   43)
          (  69,   63) (  57,   58) (  67,   55) (  80,   83) (  70,   68) (  72,   79) (  79,   63) (  79,   80) (  39,   55) (  73,   75)
          (  66,   77) (  53,   70) (  83,   72) (  79,   68) (  33,   60) (  76,   55) (  75,   61) (  77,   78) (  68,   72) (  94,   83)
          (  64,   61) (  43,   53) (  74,   59) (  94,   58) (  56,   56) (  71,   52) (  58,   86) (  74,   61) (  64,   76) (  66,   65)
          (  73,   75) (  72,   68) (  57,   87) (  67,   61) (  62,   87) (  85,   73) (  46,   68) (  90,   66) (  81,   90) (  41,   51)
          (  79,   76) (  68,   62) (  50,   61) (  80,   73) (  78,   67) (  74,   59) (  63,   88) (  71,   70) (  68,   68) (  48,   72)
          (  91,   64) (  47,   56) (  50,   79) (  79,   70) (  90,   60) (  54,   65) (  68,   67) (  55,   74) (  46,   67) (  95,   78)
          (  74,   58) (  52,   56) (  64,   71) (  98,   69) (  43,   83) (  84,   77) (  72,   72) (  76,   67) (  42,   61) ( 111,   75)
          (  73,   67) (  57,   69) (  65,   92) (  47,   66) (  76,   65) (  54,   71) (  88,   62) (  65,   62) (  62,   80) (  41,   60)
          (  72,   71) (  71,   65) (  53,   73) (  78,   79) (  90,   65) (  45,   53) (  64,   67) (  74,   61) (  80,   66) (  77,   74)
          (  58,   72) (  69,   91) (  77,   61) (  46,   70) (  77,   71) (  74,   67) (  63,   68) (  87,   66) (  72,   72) (  38,   76)
          (  91,   62) (  40,   58) (  72,   75) (  77,   56) (  79,   87) (  59,   53) (  75,   73) (  78,   63) (  55,   59) (  56,   62)
          (  96,   70) (  55,   63) (  65,   78) (  63,   75) (  77,   55) (  55,   72) (  90,   68) (  62,   66) (  84,   77) (  64,   50)
          (  64,   73) (  82,   82) (  55,   69) (  71,   72) (  61,   69) (  64,   65) (  75,   80) (  67,   63) (  70,   56) (  54,   65)
          (  72,   55) (  71,   74) (  78,   76) (  58,   54) (  94,   88) (  47,   67) (  60,   68) (  79,   83) (  63,   69) (  62,   78)
          (  74,   60) (  37,   59) (  95,   59) (  63,   68) (  71,   82) (  55,   64) (  72,   69) (  75,   67) (  68,   72) (  64,   69)
          (  88,   64) (  76,   79) (  58,   59) (  59,   76) (  64,   78) (  84,   63) (  83,   73) (  56,   73) (  65,   66) (  74,   86)
          (  22,   53) ( 104,   68) (  62,   59) (  56,   66) (  75,   64) (  58,   50) (  69,   68) (  63,   63) (  73,   82) (  39,   61)
          ( 112,   63) (  55,   60) (  67,   59) (  66,   72) (  75,   75) (  63,   83) (  64,   65) (  72,   81) (  40,   65) (  79,   80)
          (  79,   74) (  77,   61) (  61,   80) (  42,   67) (  88,   70) (  54,   95) (  71,   58) (  66,   90) (  87,   69) (  56,   63)
          (  73,   67) (  64,   87) (  82,   66) (  81,   72) (  63,   73) (  74,   75) (  58,   66) (  76,   68) (  69,   68) (  80,   84)
          (  66,   83) (  40,   55) (  68,   58) (  84,   78) (  74,   67) (  73,   70) (  65,   65) (  69,   63) (  69,   52) (  63,   61)
          (  58,   66) (  80,   72) (  65,   71) (  49,   71) (  75,   71) (  75,   59) (  88,   70) (  78,   68) (  74,   78) (  60,   74)
          (  73,   74) (  55,   71) (  82,   70) (  67,   72) (  79,   70) (  65,   59) (  91,   84) (  64,   80) (  48,   62) (  98,   72)
          (  76,   85) (  61,   59) (  53,   72) (  78,   69) (  56,   53) (  63,   54) (  67,   66) (  47,   71) (  74,   64) (  50,   59)
          (  61,   58) (  55,   69) (  70,   68) (  84,   63) (  71,   68) (  72,   65) (  67,   76) (  78,   72) (  54,   67) (  85,   74)
          (  60,   70) (  67,   62) (  60,   73) (  89,   70) (  65,   84) (  68,   62) (  65,   78) (  77,   72) (  65,   81) (  54,   63)
          (  72,   75) (  68,   63) (  58,   54) (  71,   80) (  90,   69) (  47,   57) (  78,   73) (  73,   67) (  60,   57) (  57,   79)
          (  69,   60) (  89,   66) (  42,   59) (  80,   69) (  76,   68) (  70,   58) (  73,   73) (  57,   58) (  87,   71) (  74,   67)
          (  64,   87) (  87,   80) (  66,   63) (  60,   62) (  71,   73) (  58,   48) (  92,   78) (  73,   77) (  58,   77) (  85,   67)
          (  66,   57) (  71,   69) (  63,   65) (  70,   53) (  70,   74) (  79,   77) (  57,   58) (  64,   73) (  61,   56) (  73,   67)
          (  54,   65) (  70,   53) (  74,   66) (  70,   67) (  59,   81) (  84,   56) (  64,   73) (  62,   61) (  55,   63) ( 105,   59)
          (  78,   71) (  70,   58) (  57,   76) (  75,   68) (  70,   59) (  57,   76) (  72,   55) (  55,   62) (  74,   63) (  58,   69)
          (  73,   64) (  67,   63) (  68,   70) (  57,   76) (  82,   65) (  74,   75) (  63,   72) (  32,   56) (  82,   69) (  56,   78)
          (  76,   56) (  58,   60) (  72,   63) (  53,   61) (  73,   59) ( 100,   73) (  57,   70) (  78,   76) (  51,   69) (  76,   68)
          (  87,   89) (  71,   64) (  72,   77) (  49,   65) (  67,   59) (  56,   63) (  54,   53) (  83,   87) (  79,   70) (  53,   82)
          (  74,   76) (  56,   50) (  79,   71) (  45,   54) ( 101,   86) (  64,   72) (  69,   64) (  65,   61) (  72,   74) (  74,   75)
          (  85,   68) (  75,   85) (  68,   74) (  66,   61) (  60,   62) (  90,   66) (  64,   75) (  60,   75) (  75,   76) (  60,   60)
          (  67,   81) (  76,   70) (  47,   70) (  99,   59) (  73,   69) (  59,   69) (  50,   69) ( 102,   70) (  55,   65) (  70,   71)
          (  47,   71) (  55,   59) (  81,   77) (  79,   68) (  70,   71) (  80,   81) (  64,   68) (  58,   62) (  59,   67) (  74,   67)
          (  69,   69) (  88,   56) (  38,   72) (  94,   62) (  58,   68) (  51,   62) (  77,   57) (  89,   70) (  68,   81) (  76,   65)
         
node   7 sent_total  47567  recv_total  47172

node   8  (   0,    0) (   1,    0) (   0,    0) (   0,    2) (  12,   15) (  55,   21) (  75,   36) ( 100,   74) (  73,   82) (  63,   79)
          (  88,   79) ( 108,   85) (  42,   64) (  96,   78) (  91,   86) (  82,   77) (  90,   92) (  71,   85) (  96,   80) (  93,   80)
          (  61,   93) (  82,   73) (  64,   78) (  94,   87) (  75,  111) (  63,   97) (  94,   94) ( 108,   99) (  91,   91) (  43,   91)
          ( 124,   92) (  93,   96) (  68,   75) (  90,   98) (  88,   64) (  88,  109) (  82,   73) (  98,   89) (  81,   70) (  99,   80)
          (  52,   87) ( 102,   94) (  81,   75) ( 100,   93) (  94,   84) (  92,   88) (  64,   92) (  86,   94) ( 117,   88) (  81,   80)
          (  78,   93) (  80,   84) ( 104,   88) (  50,   75) (  98,   79) (  51,   86) (  68,   64) (  58,   72) (  62,   69) (  64,   70)
          ( 100,   79) (  50,   76) (  93,   69) (  73,   67) (  59,   69) (  57,   77) ( 100,   83) (  69,   68) (  71,   67) (  75,   78)
          (  64,   71) (  95,   83) (  81,   77) (  60,   93) ( 105,   85) (  70,   68) (  70,  100) (  73,   61) (  70,   73) (  91,   81)
          (  74,   69) (  71,   62) (  81,   87) (  80,   65) (  80,   65) (  75,   79) (  86,   74) (  70,   84) (  64,   64) (  94,   82)
          (  76,   67) (  72,   97) (  84,   80) (  78,   81) (  96,   95) (  68,   71) (  84,   79) (  59,   68) (  72,   64) (  84,   91)
          (  78,   85) ( 102,   77) (  59,   67) (  82,   51) (  58,   63) (  56,   67) (  84,   59) (  61,   53) (  53,   61) (  81,   49)
          (  59,   63) (  74,   60) (  68,   61) (  68,   50) (  80,   59) (  65,   54) (  47,   51) (  77,   71) (  40,   59) (  92,   61)
          (  40,   65) ( 108,   63) (  79,   59) (  55,   85) (  37,   51) (  76,   63) (  76,   50) (  44,   57) (  61,   55) (  65,   67)
          (  60,   58) (  53,   57) (  58,   54) (  52,   79) (  57,   50) (  73,   69) (  43,   49) (  56,   55) (  64,   69) (  59,   47)
          (  68,   63) (  46,   60) (  60,   61) (  35,   65) (  81,   65) (  57,   50) (  66,   56) (  49,   54) (  69,   61) (  66,   54)
          (  46,   74) (  52,   74) (  72,   75) (  66,   51) (  57,   61) (  51,   69) (  58,   58) (  67,   68) (  57,   51) (  52,   70)
          (  66,   55) (  58,   54) (  56,   64) (  58,   65) (  61,   53) (  55,   63) (  66,   79) (  79,   66) (  63,   46) (  58,   77)
          (  43,   61) (  59,   63) (  80,   75) (  57,   53) (  69,   73) (  41,   56) (  68,   69) (  55,   65) (  54,   55) (  39,   68)
          (  70,   79) (  65,   43) (  70,   60) (  67,   63) (  33,   43) (  85,   81) (  74,   55) (  47,   50) (  73,   61) (  49,   63)
          (  69,   54) (  48,   69) (  59,   49) (  42,   54) (  99,   82) (  47,   58) (  83,   56) (  60,   66) (  71,   71) (  36,   64)
          (  77,   56) (  72,   60) (  79,   66) (  43,   65) (  61,   60) (  62,   57) (  53,   68) (  70,   81) (  64,   61) (  73,   67)
          (  28,   52) (  72,   77) (  51,   48) (  63,   47) (  57,   60) (  73,   69) (  47,   56) (  40,   40) (  75,   61) (  57,   53)
          (  59,   55) (  43,   51) (  57,   51) (  85,   57) (  15,   48) (  64,   61) (  51,   52) (  62,   60) (  63,   50) (  55,   61)
          (  62,   48) (  49,   61) (  74,   68) (  58,   46) (  67,   54) (  63,   76) (  69,   60) (  61,   53) (  40,   63) (  93,   69)
          (  79,   80) (  30,   60) ( 105,   69) (  27,   48) (  82,   60) (  71,   56) (  63,   64) (  50,   57) (  59,   72) (  70,   53)
          (  75,   60) (  35,   68) (  82,   51) (  51,   70) (  59,   62) (  64,   68) (  54,   52) (  89,   66) (  57,   55) (  48,   74)
          (  61,   53) (  67,   74) (  71,   57) (  64,   68) (  54,   72) (  59,   74) (  43,   48) (  50,   56) (  69,   63) (  54,   55)
          (  78,   69) (  84,   59) (  33,   59) (  84,   72) (  56,   55) (  54,   69) (  52,   74) (  71,   73) (  55,   70) (  74,   55)
          (  62,   59) (  58,   57) (  63,   55) (  62,   56) (  72,   67) (  49,   61) (  73,   59) (  45,   61) (  53,   70) (  85,   56)
          (  47,   61) (  54,   51) (  83,   60) (  65,   72) (  57,   61) (  46,   59) (  84,   52) (  80,   55) (  73,   82) (  44,   54)
          (  44,   45) (  88,   53) (  61,   54) (  64,   79) (  73,   63) (  75,   83) (  63,   83) (  62,   79) (  67,   61) (  89,   66)
          (  65,   62) (  75,   79) (  41,   71) (  90,   67) (  73,   59) (  46,   62) (  78,   55) (  61,   81) (  68,   75) (  58,   55)
          (  59,   72) (  81,   63) (  69,   69) (  72,   68) (  52,   81) (  75,   60) (  53,   64) (  77,   54) (  47,   82) (  91,   51)
          (  58,   71) (  58,   78) (  66,   70) (  65,   54) (  65,   73) (  65,   66) (  87,   70) (  84,   70) (  34,   66) (  88,   60)
          (  76,   66) (  82,   81) (  53,   56) (  46,   64) (  71,   67) (  70,   62) (  64,   80) (  55,   65) (  68,   58) (  66,   76)
          (  72,   59) (  40,   54) (  81,   81) (  72,   65) (  66,   75) (  55,   53) (  80,   72) (  49,   71) (  73,   84) (  63,   74)
          (  70,   71) (  72,   64) (  65,   73) (  81,   74) (  73,   74) (  65,   71) (  49,   69) (  70,   73) (  73,   62) (  68,   72)
          (  94,   63) (  63,   71) (  39,   67) ( 102,   66) (  60,   58) (  70,   84) (  62,   55) (  78,   61) (  46,   70) (  75,   72)
          (  61,   69) (  71,   70) (  64,   60) (  77,   78) (  47,   59) (  80,   68) (  95,   71) (  40,   55) (  68,   64) (  89,   73)
          (  94,   79) (  49,   68) (  83,   58) (  57,   81) (  85,   67) (  64,   65) (  67,   50) (  79,   67) (  42,   57) (  83,   80)
          (  67,   53) (  67,   60) (  70,   82) (  65,   55) (  67,   51) (  60,   48) (  65,   66) (  52,   65) (  71,   58) (  65,   70)
          (  65,   67) (  97,   68) (  68,   64) (  65,   78) (  72,   60) (  59,   67) (  75,   61) (  64,   64) (  89,   62) (  45,   66)
          (  67,   65) (  55,   71) (  96,   88) (  65,   69) (  53,   80) (  57,   62) (  93,   97) (  46,   60) (  71,   69) (  65,   54)
          (  90,   66) (  51,   63) (  54,   60) (  89,   61) (  66,   70) (  71,   53) (  33,   64) (  81,   66) (  74,   66) (  67,   67)
          (  44,   63) (  54,   71) (  89,   73) (  46,   75) (  88,   76) (  74,   60) (  45,   66) (  89,   66) (  56,   75) (  59,   83)
          (  59,   71) (  60,   69) (  69,   58) (  81,   74) (  59,   69) (  82,   77) (  70,   71) (  64,   71) (  65,   75) (  54,   74)
          (  80,   54) (  78,   68) (  79,   58) (  60,   65) (  79,   70) (  42,   71) (  69,   67) (  72,   60) (  71,   61) (  69,   72)
          (  63,   71) (  59,   71) (  66,   58) (  71,   60) (  70,   66) (  86,   72) (  88,   71) (  57,   74) (  98,   84) (  73,   57)
          (  56,   88) (  80,   67) (  63,   66) (  75,   74) (  65,   60) (  53,   69) (  91,   61) (  46,   66) (  73,   82) (  71,   66)
          (  60,   82) (  90,   64) (  66,   70) (  54,   72) (  82,   91) (  64,   71) (  50,   69) (  65,   69) (  77,   59) (  59,   51)
          (  80,   77) (  59,   67) (  57,   70) (  67,   46) (  59,   55) (  60,   75) (  53,   59) (  84,   70) (  72,   81) (  73,   61)
          (  77,   83) (  82,   80) (  76,   47) (  63,   62) (  84,   79) (  55,   63) (  82,   67) (  59,   78) (  68,   63) (  78,   68)
          (  54,   69) (  70,   56) (  64,   61) (  60,   63) (  64,   62) (  90,   88) (  65,   64) (  73,   51) (  69,   63) (  59,   47)
          (  78,   68) (  90,   81) (  44,   60) (  66,   66) (  72,   60) (  49,   57) (  75,   72) (  66,   63) (  92,   78) (  62,   68)
          (  60,   62) (  85,   74) (  70,   69) (  69,   75) (  72,   70) (  55,   70) (  74,   62) (  82,   60) (  53,   68) (  57,   80)
          (  81,   62) (  82,   66) (  41,   55) (  99,   71) (  34,   68) (  96,   66) (  59,   67) (  60,   68) (  59,   74) (  79,   66)
          (  61,   60) (  74,   72) (  52,   44) ( 102,   68) (  57,   63) (  63,   71) (  53,   63) (  75,   67) (  74,   58) (  68,   76)
          (  73,   65) (  74,   85) (  75,   70) (  86,   75) (  56,   73) (  82,   65) (  54,   67) (  79,   77) (  83,   83) (  72,   57)
          (  66,   69) (  78,   64) (  67,   81) (  66,   79) (  66,   63) (  68,   60) (  83,   66) (  44,   75) (  85,   57) (  89,   73)
          (  39,   61) (  92,   76) (  77,   74) (  66,   89) (  49,   82) (  45,   79) (  89,   61) (  59,   73) (  56,   61) (  94,   77)
          (  66,   61) (  72,   61) (  67,   83) (  78,   73) (  58,   75) (  57,   57) (  78,   79) (  86,   64) (  43,   64) (  83,   70)
          (  74,   65) (  77,   63) (  61,   66) (  59,   73) (  81,   62) (  71,   74) (  76,   63) (  52,   54) (  72,   65) (  64,   82)
          (  70,   62) (  64,   73) (  72,   63) (  72,   69) (  62,   60) (  82,   71) (  53,   58) (  54,   66) (  72,   80) (  63,   69)
          (  66,   68) (  83,   73) (  61,   67) (  48,   46) (  69,   75) (  75,   70) (  62,   64) (  83,   79) (  88,   77) (  41,   61)
          (  75,   84) (  67,   72) (  56,   60) (  91,   46) (  63,   70) (  59,   59) (  84,   74) (  68,   64) (  75,   53) (  64,   80)
          (  56,   60) (  79,   80) (  59,   65) (  74,   69) (  71,   75) (  66,   94) (  66,   80) (  54,   62) (  72,   65) (  72,   61)
          (  56,   66) (  82,   82) (  66,   67) (  77,   79) (  69,   70) (  56,   58) (  94,   74) (  55,   69) (  64,   82) (  61,   64)
          (  66,   67) (  81,   68) (  41,   61) ( 109,   90) (  40,   61) (  63,   54) (  82,   65) (  49,   78) (  87,   72) (  55,   53)
          (  72,   66) (  83,   70) (  75,   64) (  60,   81) (  74,   78) (  56,   63) (  84,   94) (  48,   69) (  83,   88) (  58,   70)
          (  58,   53) (  95,   74) (  63,   74) (  46,   64) ( 116,   67) (  57,   63) (  82,   63) (  50,   66) (  82,   73) (  54,   70)
         
node   8 sent_total  47201  recv_total  46953

node   9  (   0,    0) (   0,    0) (   1,    0) (   0,    0) (   0,    1) (  55,   23) ( 102,   47) (  89,   72) (  78,   71) (  78,   88)
          (  98,   88) (  75,   80) ( 107,  108) (  66,   75) (  83,   92) (  84,   89) ( 108,   96) (  81,   88) (  84,  107) (  89,   80)
          (  85,   95) (  90,   90) (  69,   94) (  92,   79) (  91,   88) (  93,   92) (  93,   76) ( 121,   72) (  60,  103) (  96,   85)
          (  84,   74) (  80,  101) (  99,   76) (  86,   81) (  83,   88) ( 102,   98) (  69,   89) (  65,   74) ( 105,   94) (  79,   73)
          (  71,   80) (  83,   86) ( 102,   85) (  67,   81) (  63,   87) (  92,   93) ( 117,   78) (  58,   76) (  99,   95) (  45,   74)
          ( 117,   96) (  82,   78) (  88,   84) (  41,   72) (  78,   62) (  80,   78) (  55,   66) (  74,   79) (  57,   69) (  99,   79)
          (  84,   68) (  82,   79) (  42,   71) ( 120,   75) (  51,   71) (  77,   82) (  69,   65) (  74,   56) (  67,   66) (  77,   63)
          (  80,   85) (  51,   64) ( 101,   81) (  58,   70) (  62,   74) ( 101,   65) (  56,   81) (  74,   69) (  61,   93) (  71,   73)
          (  54,   77) (  90,   87) (  82,   71) (  74,   67) (  78,   74) (  67,   83) (  81,   68) (  67,   66) (  75,   90) (  92,   83)
          (  98,   82) (  68,   81) (  81,   82) (  63,   67) (  73,   62) (  61,   79) ( 100,   80) (  58,   84) (  86,   79) (  48,   75)
          ( 103,   77) (  81,   81) (  60,   82) (  85,   56) (  38,   45) (  83,   67) (  71,   61) (  88,   59) (  59,   59) (  41,   52)
          ( 110,   61) (  56,   60) (  58,   66) (  89,   55) (  50,   57) (  79,   56) (  70,   54) (  69,   59) (  51,   67) (  64,   54)
          (  80,   70) (  57,   64) (  57,   58) (  68,   79) (  65,   49) (  55,   52) (  61,   58) (  65,   61) (  72,   58) (  57,   60)
          (  60,   60) (  53,   49) (  54,   52) (  80,   75) (  39,   52) (  54,   62) (  69,   67) (  53,   63) (  71,   83) (  40,   53)
          (  62,   54) (  68,   54) (  39,   39) (  68,   64) (  72,   52) (  57,   61) (  66,   73) (  73,   53) (  38,   53) (  79,   55)
          (  67,   52) (  84,   71) (  47,   56) (  58,   54) (  63,   52) (  56,   49) (  90,   62) (  42,   57) (  76,   54) (  53,   71)
          (  63,   66) (  32,   55) (  84,   71) (  58,   56) (  49,   57) (  58,   54) (  61,   56) (  55,   80) (  59,   42) (  65,   73)
          (  52,   49) (  78,   52) (  22,   56) (  72,   64) (  70,   60) (  72,   49) (  61,   60) (  49,   61) (  67,   57) (  63,   50)
          (  68,   63) (  64,   61) (  46,   61) (  57,   63) (  70,   70) (  42,   72) (  80,   62) (  42,   52) (  69,   60) (  54,   51)
          (  80,   51) (  53,   67) (  56,   68) (  53,   59) (  81,   68) (  66,   56) (  38,   76) (  74,   69) (  50,   52) (  71,   70)
          (  56,   52) (  58,   62) (  64,   80) (  39,   58) (  73,   62) (  60,   55) (  68,   57) (  70,   72) (  58,   49) (  49,   56)
          (  62,   77) (  43,   63) (  70,   59) (  63,   52) (  79,   62) (  22,   48) (  66,   83) (  63,   55) (  59,   82) (  69,   56)
          (  65,   61) (  65,   57) (  56,   62) (  53,   63) (  52,   57) (  62,   55) (  72,   58) (  38,   50) (  83,   53) (  42,   69)
          (  74,   56) (  69,   78) (  46,   52) (  44,   50) (  74,   69) (  53,   64) (  79,   61) (  44,   52) (  64,   62) (  62,   46)
          (  50,   57) (  56,   54) (  70,   67) (  41,   80) (  43,   43) (  91,   70) (  47,   55) (  77,   87) (  20,   45) (  84,   61)
          (  73,   70) (  50,   67) (  89,   69) (  49,   63) (  75,   54) (  53,   63) (  63,   56) (  58,   57) (  75,   65) (  74,   58)
          (  51,   56) (  36,   57) (  72,   67) (  54,   56) (  78,   75) (  40,   58) (  84,   67) (  62,   70) (  67,   60) (  58,   57)
          (  64,   63) (  63,   56) (  45,   72) (  56,   54) (  75,   62) (  66,   70) (  45,   74) (  56,   64) (  65,   52) (  48,   53)
          (  66,   67) (  85,   67) (  56,   67) (  56,   63) (  64,   62) (  48,   66) (  74,   64) (  69,   60) (  22,   45) (  60,   50)
          (  72,   69) (  69,   71) (  63,   67) (  58,   67) (  74,   65) (  42,   51) (  69,   72) (  76,   65) (  73,   72) (  52,   58)
          (  70,   86) (  62,   64) (  52,   89) (  72,   70) (  74,   62) (  69,   60) (  76,   63) (  65,   70) (  62,   77) (  64,   66)
          (  82,   69) (  80,   80) (  68,   69) (  73,   95) (  88,   82) (  42,   53) (  98,   69) (  61,   83) (  74,   60) (  39,   64)
          (  76,   67) (  63,   72) (  62,   67) (  54,   64) (  84,   71) (  67,   56) (  59,   87) (  60,   67) (  50,   61) (  78,   61)
          (  68,   62) (  80,   67) (  59,   70) (  72,   68) (  75,   86) (  74,   53) (  64,   76) (  57,   67) (  74,   75) (  46,   66)
          (  84,   47) (  64,   66) (  87,   79) (  51,   68) (  63,   56) (  75,   62) (  89,   76) (  55,   60) (  67,   63) (  65,   70)
          (  99,   81) (  65,   66) (  62,   84) (  77,   69) (  58,   68) (  64,   79) (  63,   59) (  96,   78) (  45,   48) (  95,   71)
          (  71,   57) (  44,   63) (  85,   82) (  55,   58) (  66,   73) (  81,   75) (  69,   63) (  47,   74) (  63,   80) (  66,   65)
          (  68,   87) (  72,   63) (  50,   70) (  77,   57) (  81,   65) (  58,   88) (  49,   64) (  74,   70) (  67,   72) (  64,   63)
          (  58,   55) (  82,   73) (  80,   77) (  41,   48) (  82,   70) (  82,   63) (  66,   71) (  48,   55) (  88,   73) (  76,   76)
          (  62,   68) (  56,   91) (  56,   71) (  79,   71) (  65,   73) (  81,   62) (  58,   58) (  67,   88) (  76,   81) (  61,   63)
          (  84,   61) (  76,   68) (  46,   85) (  78,   69) (  41,   54) (  59,   71) (  78,   51) (  82,   72) (  48,   62) (  90,   70)
          (  58,   76) (  80,   88) (  82,   64) (  60,   59) (  78,   57) (  56,   65) (  71,   69) (  66,   72) (  44,   77) (  74,   69)
          (  87,   67) (  55,   71) (  72,   73) (  57,   81) (  56,   61) (  91,   56) (  63,   76) (  75,   68) (  63,   64) (  76,   73)
          (  56,   63) (  60,   77) (  90,   73) (  64,   54) (  67,   77) (  69,   80) (  79,   69) (  55,   71) (  79,   64) (  53,   58)
          (  63,   64) (  55,   59) (  64,   54) (  89,   83) (  77,   68) (  54,   59) (  64,   75) (  71,   63) (  60,   64) (  41,   61)
          ( 104,   52) (  49,   62) ( 104,   92) (  43,   50) (  91,   92) (  71,   79) (  48,   65) (  82,   85) (  70,   57) (  66,   67)
          (  49,   68) (  88,   74) (  39,   82) (  85,   59) (  56,   64) (  85,   68) (  62,   68) (  53,   57) (  86,   56) (  60,   59)
          (  66,   76) (  64,   76) (  87,   73) (  55,   81) (  63,   73) (  96,   69) (  57,   63) (  64,   70) (  56,   73) (  91,   74)
          (  66,   68) (  60,   60) (  92,   83) (  70,   73) (  89,   70) (  36,   68) (  85,   69) (  91,   74) (  54,   76) (  67,   67)
          (  90,   80) (  59,   65) (  48,   55) (  86,   67) (  70,   62) (  66,   57) (  62,   57) (  64,   74) (  84,   76) (  49,   67)
          (  76,   56) (  61,   67) (  51,   56) (  61,   53) (  64,   56) (  64,   70) (  64,   64) (  60,   82) (  47,   64) (  73,   69)
          (  56,   61) (  76,   77) (  61,   51) (  61,   71) (  74,   64) (  81,   80) (  67,   57) (  71,   74) (  66,   71) (  83,   79)
          (  51,   48) ( 109,   65) (  47,   82) (  79,   74) (  54,   71) (  76,   60) (  56,   61) (  37,   73) (  72,   75) (  75,   67)
          (  69,   74) (  91,   66) (  48,   67) (  71,   61) (  52,   58) (  91,   69) (  43,   57) (  67,   51) (  81,   68) (  50,   64)
          ( 105,   64) (  41,   72) (  88,   56) (  55,   83) (  79,   75) (  48,   61) (  99,   85) (  81,   69) (  59,   65) (  59,   57)
          (  69,   74) (  65,   60) (  72,   82) (  53,   62) (  96,   75) (  40,   65) (  70,   64) (  80,   69) (  50,   69) (  73,   62)
          (  57,   60) (  84,   76) (  84,   67) (  59,   78) (  67,   69) (  68,   58) (  77,   58) (  57,   63) (  94,   84) (  63,   80)
          (  74,   73) (  74,   82) (  55,   80) (  66,   55) (  71,   80) (  76,   67) (  55,   67) (  58,   52) (  75,   64) (  85,   66)
          (  55,   81) (  80,   70) (  69,   69) (  74,   69) (  66,   64) (  52,   60) (  96,   70) (  49,   57) (  76,   56) (  54,   68)
          (  60,   60) (  69,   72) (  82,   77) (  67,   78) (  57,   85) (  59,   73) (  76,   68) (  70,   77) (  71,   57) (  84,   75)
          (  38,   57) (  83,   87) (  68,   67) (  71,   62) (  84,   60) (  74,   65) (  56,   70) (  48,   72) (  95,   62) (  38,   60)
          (  82,   73) (  82,   75) (  75,   76) (  55,   67) (  59,   66) (  74,   73) (  81,   63) (  64,   81) (  87,   72) (  65,   63)
          (  74,   68) (  73,   75) (  74,   66) (  48,   74) (  81,   63) (  69,   49) (  58,   76) (  93,   65) (  57,   60) (  85,   71)
          (  49,   56) (  75,   60) (  70,   72) (  56,   48) (  91,   70) (  57,   76) (  67,   66) (  85,   77) (  49,   66) (  74,   75)
          (  80,   74) (  75,   60) (  48,   67) (  85,   71) (  40,   68) (  69,   68) (  73,   65) (  67,   73) (  58,   69) (  74,   60)
          (  65,   67) (  59,   59) (  72,   75) (  91,   60) (  48,   69) (  82,   76) (  54,   66) (  73,   66) (  71,   64) (  64,   71)
          (  82,   75) (  50,   66) (  79,   64) (  71,   81) (  43,   64) (  51,   66) (  81,   81) (  67,   57) (  60,   76) (  87,   53)
          (  72,   77) (  91,   81) (  48,   62) (  73,   72) (  47,   65) (  81,   92) (  80,   62) (  78,   74) (  73,   69) (  23,   54)
          ( 107,   79) (  50,   67) ( 109,   71) (  61,   82) (  73,   46) (  62,   74) (  60,   71) (  59,   70) (  71,   67) (  63,   74)
          (  76,   70) (  63,   65) (  67,   70) (  76,   75) (  40,   62) ( 100,   84) (  67,   71) (  50,   71) (  91,   71) (  70,   72)
         
node   9 sent_total  47147  recv_total  47067

node  10  (   0,    0) (   0,    0) (   1,    0) (   0,    0) (   2,    3) (  61,   24) (  93,   65) (  89,  113) (  72,   93) (  54,   97)
          (  96,   75) (  87,   79) (  71,   80) (  94,   90) ( 108,   75) (  96,   92) (  71,   61) (  91,   93) (  79,   89) ( 110,   85)
          (  69,   94) ( 102,   92) (  66,   95) (  76,   79) ( 127,  106) (  72,   84) (  71,   69) (  71,   75) ( 133,   91) (  40,   74)
          ( 102,   81) (  96,   96) ( 107,   94) (  55,   99) (  83,   76) (  74,  103) (  81,   80) ( 106,   93) (  83,   92) (  64,   75)
          ( 124,   99) (  77,   72) (  95,   75) (  61,   96) ( 131,   73) (  48,   75) ( 112,  105) (  96,   88) (  91,   73) (  85,   93)
          (  68,   92) (  66,   77) (  77,   71) (  82,   57) (  75,   77) (  56,   56) ( 118,   85) (  64,   76) (  46,   71) ( 102,   93)
          (  65,   64) (  97,   99) (  47,   70) (  83,   70) (  85,   87) (  60,   61) (  84,   86) (  61,   59) (  56,   66) (  93,   77)
          (  77,   66) (  67,   90) (  81,   88) ( 106,   68) (  58,   65) (  93,   84) (  59,   66) (  90,   65) (  78,   93) (  76,   66)
          (  74,   78) (  69,   84) (  76,   80) (  59,   91) (  56,   64) ( 105,   73) (  55,   77) (  95,   83) (  82,   74) (  51,   70)
          (  98,   96) (  69,   97) (  75,   62) (  76,   69) (  65,   76) (  92,   81) (  78,   77) (  79,   71) (  92,   75) (  75,   74)
          (  80,   87) (  78,   76) (  45,   74) (  84,   60) (  73,   65) (  42,   50) (  88,   51) (  87,   75) (  45,   59) (  82,   57)
          (  50,   54) (  36,   63) (  84,   59) (  79,   54) (  53,   60) (  60,   56) (  51,   50) (  78,   66) (  81,   68) (  88,   70)
          (  37,   50) (  72,   57) (  80,   63) (  63,   75) (  46,   57) (  68,   65) (  50,   62) (  78,   66) (  84,   61) (  44,   67)
          (  64,   66) (  61,   60) (  85,   67) (  43,   52) (  79,   78) (  50,   48) (  60,   57) (  83,   60) (  36,   41) (  80,   65)
          (  67,   62) (  48,   59) (  67,   57) (  50,   58) (  45,   59) (  88,   61) (  43,   38) (  43,   56) (  60,   51) (  43,   64)
          (  78,   58) (  39,   64) (  72,   53) (  66,   57) (  64,   64) (  55,   56) (  46,   46) (  64,   65) (  53,   52) (  87,   60)
          (  49,   58) (  69,   61) (  72,   72) (  32,   64) (  64,   39) (  66,   63) (  45,   62) (  72,   64) (  64,   61) (  40,   57)
          (  90,   73) (  55,   53) (  68,   62) (  66,   60) (  47,   58) (  60,   52) (  70,   64) (  70,   88) (  78,   65) (  58,   58)
          (  42,   63) (  78,   42) (  49,   54) (  54,   51) (  55,   64) (  88,   74) (  43,   71) (  67,   70) (  69,   61) (  73,   72)
          (  50,   56) (  69,   53) (  50,   78) (  58,   54) (  68,   63) (  74,   67) (  70,   68) (  48,   52) (  61,   75) (  55,   79)
          (  64,   63) (  35,   48) (  70,   54) (  60,   59) (  58,   63) (  75,   64) (  40,   54) (  78,   61) (  52,   47) (  63,   62)
          ( 101,   67) (  42,   49) (  71,   51) (  40,   51) (  51,   63) (  88,   62) (  55,   71) (  81,   68) (  32,   61) (  63,   55)
          (  47,   72) (  73,   65) (  74,   76) (  24,   44) (  66,   53) (  84,   72) (  59,   55) (  51,   60) (  65,   58) (  40,   57)
          (  54,   54) (  89,   55) (  47,   45) (  80,   83) (  59,   55) (  42,   68) (  72,   58) (  81,   73) (  38,   62) (  72,   55)
          (  84,   66) (  69,   70) (  35,   57) (  68,   64) (  76,   50) (  35,   68) (  80,   58) (  33,   56) (  76,   65) (  58,   43)
          (  72,   74) (  51,   72) (  36,   61) (  78,   70) (  56,   64) (  44,   64) (  60,   67) (  51,   46) (  56,   65) (  57,   48)
          (  70,   50) (  62,   47) (  52,   48) (  64,   73) (  79,   59) (  55,   56) (  66,   71) (  47,   54) (  70,   63) (  63,   63)
          (  64,   72) (  46,   80) (  80,   63) (  44,   61) (  77,   72) (  50,   49) (  84,   58) (  40,   59) (  60,   60) (  64,   60)
          (  59,   65) (  50,   58) (  69,   67) (  52,   59) (  63,   62) (  72,   73) (  37,   54) (  69,   46) (  73,   60) (  67,   53)
          (  46,   54) (  57,   59) (  57,   50) (  89,   76) (  66,   47) (  74,   56) (  35,   59) (  51,   59) (  71,   56) (  67,   68)
          (  73,   60) (  51,   66) (  98,   61) (  48,   91) (  80,   70) (  87,   75) (  48,   57) (  79,   68) (  57,   64) (  57,   67)
          (  55,   65) (  82,   57) (  57,   62) (  81,   69) (  68,   63) (  71,   66) (  53,   56) (  74,   79) (  70,   72) (  81,   65)
          (  43,   81) (  65,   60) (  65,   62) (  89,   58) (  59,   75) (  86,   79) (  54,   70) (  84,   53) (  69,   85) (  54,   66)
          (  74,   78) (  75,   56) (  81,   70) (  73,   56) (  56,   62) (  82,   67) (  66,   59) (  60,   69) (  67,   80) (  50,   64)
          (  64,   58) (  81,   70) (  72,   78) (  70,   70) (  64,   58) (  62,   62) (  47,   70) (  95,   65) (  80,   72) (  55,   65)
          (  39,   67) (  94,   68) (  72,   62) (  83,   89) (  66,   48) (  62,   66) (  82,   71) (  52,   76) (  88,   76) (  49,   48)
          (  63,   64) (  84,   79) (  42,   51) (  81,   64) (  78,   76) (  35,   50) (  86,   73) (  76,   71) (  64,   64) (  44,   70)
          (  83,   63) (  90,   83) (  75,   70) (  48,   56) (  83,   76) (  68,   51) (  70,   67) (  66,   72) (  88,   65) (  73,   76)
          (  65,   60) (  46,   62) (  76,   79) (  71,   72) (  56,   66) (  77,   75) (  58,   64) (  69,   72) (  67,   52) (  61,   74)
          (  83,   69) (  57,   71) (  65,   64) (  90,   65) (  61,   61) (  49,   78) (  70,   61) (  72,   75) (  85,   63) (  87,   65)
          (  41,   60) (  82,   84) (  87,   81) (  65,   82) (  58,   83) (  83,   79) (  41,   60) (  56,   66) ( 113,   73) (  75,   74)
          (  72,   83) (  59,   69) (  81,   73) (  75,   61) (  67,   61) (  68,   80) (  72,   71) (  55,   59) (  44,   68) ( 101,   65)
          (  75,   61) (  78,   66) (  48,   66) (  90,   81) (  56,   67) (  87,   74) (  68,   73) (  71,   69) (  73,   82) (  66,   65)
          (  70,   56) (  81,   67) (  71,   78) (  77,   70) (  70,   85) (  58,   80) (  72,   57) (  75,   70) (  56,   50) (  53,   53)
          ( 100,   90) (  53,   56) (  53,   64) (  78,   74) (  88,   58) (  57,   83) (  73,   64) (  47,   58) ( 103,   68) (  93,   68)
          (  59,   64) (  59,   72) (  67,   73) (  73,   68) (  81,   59) (  78,   70) (  67,   65) (  56,   41) (  90,   71) (  63,   58)
          (  65,   67) (  56,   66) (  65,   85) (  64,   58) (  74,   68) (  71,   58) (  41,   73) (  57,   71) (  70,   66) (  82,   65)
          (  66,   56) (  60,   81) (  89,   59) (  73,   67) (  64,   68) (  55,   79) (  75,   74) (  63,   59) (  73,   72) (  79,   73)
          (  64,   74) (  58,   74) (  63,   71) (  79,   80) (  48,   53) (  63,   89) (  54,   55) (  79,   65) (  55,   84) (  73,   63)
          (  82,   68) (  58,   72) (  85,   80) (  59,   74) (  59,   66) (  81,   74) (  76,   68) (  69,   63) (  47,   54) (  96,   64)
          (  73,   72) (  79,   63) (  55,   52) (  80,   67) (  86,   74) (  71,   84) (  40,   73) (  83,   64) (  65,   72) (  56,   54)
          (  91,   77) (  58,   70) (  57,   57) (  70,   67) (  56,   77) (  86,   87) (  41,   72) (  73,   67) (  64,   67) (  73,   56)
          (  40,   61) (  85,   65) (  76,   80) (  75,   74) (  67,   87) (  49,   57) (  71,   69) (  71,   56) (  75,   74) (  40,   64)
          (  83,   75) (  98,   67) (  40,   70) (  75,   57) (  61,   85) (  65,   54) (  68,   58) (  89,   70) (  54,   75) (  82,   51)
          (  58,   53) (  61,   60) (  69,   50) (  72,   64) (  46,   70) (  83,   62) (  88,   71) (  65,   70) (  53,   78) (  56,   58)
          (  80,   80) (  45,   63) (  75,   56) (  75,   70) (  82,   77) (  59,   62) (  69,   72) (  52,   53) (  91,   75) (  53,   55)
          (  81,   65) (  68,   65) (  70,   64) (  50,   55) (  91,   76) (  60,   72) (  66,   62) (  59,   74) (  90,   75) (  48,   73)
          (  82,   64) (  75,   74) (  39,   65) (  72,   68) (  50,   80) (  75,   55) (  81,   70) (  67,   74) (  33,   65) (  80,   63)
          (  45,   66) (  92,   68) (  65,   79) (  52,   70) (  82,   67) (  65,   72) (  74,   66) (  63,   68) (  72,   66) (  46,   72)
          (  73,   69) (  74,   59) (  63,   68) (  84,   63) (  73,   70) (  57,   51) ( 107,   65) (  47,   69) (  76,   55) (  52,   74)
          (  78,   69) (  70,   77) (  72,   69) (  64,   57) (  46,   66) (  83,   82) (  80,   50) (  47,   49) (  87,   74) (  80,   70)
          (  64,   71) (  73,   76) (  40,   64) (  84,   71) (  75,   65) (  68,   77) (  67,   68) (  57,   78) (  48,   46) (  72,   65)
          (  62,   72) (  67,   73) (  54,   67) (  71,   89) (  58,   61) (  77,   60) (  73,   64) (  61,   66) (  72,   71) (  62,   73)
          (  63,   73) (  70,   62) (  47,   74) (  93,   73) (  65,   69) (  69,   75) (  77,   79) (  57,   69) (  92,   62) (  57,   64)
          (  75,   78) (  57,   60) (  80,   56) (  65,   60) (  60,   69) (  69,   50) (  81,   60) (  50,   57) (  77,   83) (  76,   60)
          (  73,   68) (  55,   75) (  70,   75) (  72,   64) (  65,   62) (  83,   91) (  73,   65) (  74,   64) (  66,   62) (  75,   74)
          (  43,   68) (  82,   80) (  70,   75) (  59,   67) (  77,   77) (  32,   49) (  95,   64) (  69,   72) (  44,   70) (  69,   58)
          (  82,   62) (  58,   58) (  82,   81) (  56,   58) (  80,   82) (  61,   56) (  66,   59) (  69,   64) (  65,   57) (  58,   67)
          (  90,   72) (  53,   55) (  69,   71) (  63,   63) (  57,   59) (  79,   74) (  74,   65) (  58,   59) (  86,   60) (  63,   65)
          (  57,   59) (  73,   73) (  67,   67) (  65,   54) (  87,   65) (  56,   70) (  70,   65) (  65,   71) (  70,   67) (  80,   71)
         
node  10 sent_total  47325  recv_total  46751

